<!DOCTYPE html>
<html>
  <head>
    <meta charset="utf-8"/>
    <title id="head-title">report.html</title>
      <link href="assets\style.css" rel="stylesheet" type="text/css"/>
  </head>
  <body>
    <h1 id="title">report.html</h1>
    <p>Report generated on 02-May-2025 at 14:21:57 by <a href="https://pypi.python.org/pypi/pytest-html">pytest-html</a>
        v4.1.1</p>
    <div id="environment-header">
      <h2>Environment</h2>
    </div>
    <table id="environment"></table>
    <!-- TEMPLATES -->
      <template id="template_environment_row">
      <tr>
        <td></td>
        <td></td>
      </tr>
    </template>
    <template id="template_results-table__body--empty">
      <tbody class="results-table-row">
        <tr id="not-found-message">
          <td colspan="4">No results found. Check the filters.</th>
        </tr>
    </template>
    <template id="template_results-table__tbody">
      <tbody class="results-table-row">
        <tr class="collapsible">
        </tr>
        <tr class="extras-row">
          <td class="extra" colspan="4">
            <div class="extraHTML"></div>
            <div class="media">
              <div class="media-container">
                  <div class="media-container__nav--left"><</div>
                  <div class="media-container__viewport">
                    <img src="" />
                    <video controls>
                      <source src="" type="video/mp4">
                    </video>
                  </div>
                  <div class="media-container__nav--right">></div>
                </div>
                <div class="media__name"></div>
                <div class="media__counter"></div>
            </div>
            <div class="logwrapper">
              <div class="logexpander"></div>
              <div class="log"></div>
            </div>
          </td>
        </tr>
      </tbody>
    </template>
    <!-- END TEMPLATES -->
    <div class="summary">
      <div class="summary__data">
        <h2>Summary</h2>
        <div class="additional-summary prefix">
        </div>
        <p class="run-count">46 tests took 00:07:36.</p>
        <p class="filter">(Un)check the boxes to filter the results.</p>
        <div class="summary__reload">
          <div class="summary__reload__button hidden" onclick="location.reload()">
            <div>There are still tests running. <br />Reload this page to get the latest results!</div>
          </div>
        </div>
        <div class="summary__spacer"></div>
        <div class="controls">
          <div class="filters">
            <input checked="true" class="filter" name="filter_checkbox" type="checkbox" data-test-result="failed" />
            <span class="failed">16 Failed,</span>
            <input checked="true" class="filter" name="filter_checkbox" type="checkbox" data-test-result="passed" />
            <span class="passed">30 Passed,</span>
            <input checked="true" class="filter" name="filter_checkbox" type="checkbox" data-test-result="skipped" disabled/>
            <span class="skipped">0 Skipped,</span>
            <input checked="true" class="filter" name="filter_checkbox" type="checkbox" data-test-result="xfailed" disabled/>
            <span class="xfailed">0 Expected failures,</span>
            <input checked="true" class="filter" name="filter_checkbox" type="checkbox" data-test-result="xpassed" disabled/>
            <span class="xpassed">0 Unexpected passes,</span>
            <input checked="true" class="filter" name="filter_checkbox" type="checkbox" data-test-result="error" disabled/>
            <span class="error">0 Errors,</span>
            <input checked="true" class="filter" name="filter_checkbox" type="checkbox" data-test-result="rerun" disabled/>
            <span class="rerun">0 Reruns</span>
          </div>
          <div class="collapse">
            <button id="show_all_details">Show all details</button>&nbsp;/&nbsp;<button id="hide_all_details">Hide all details</button>
          </div>
        </div>
      </div>
      <div class="additional-summary summary">
      </div>
      <div class="additional-summary postfix">
      </div>
    </div>
    <table id="results-table">
      <thead id="results-table-head">
        <tr>
          <th class="sortable" data-column-type="result">Result</th>
          <th class="sortable" data-column-type="testId">Test</th>
          <th class="sortable" data-column-type="duration">Duration</th>
          <th>Links</th>
        </tr>
      </thead>
    </table>
  </body>
  <footer>
    <div id="data-container" data-jsonblob="{&#34;environment&#34;: {&#34;Python&#34;: &#34;3.13.2&#34;, &#34;Platform&#34;: &#34;Windows-10-10.0.19045-SP0&#34;, &#34;Packages&#34;: {&#34;pytest&#34;: &#34;8.3.5&#34;, &#34;pluggy&#34;: &#34;1.5.0&#34;}, &#34;Plugins&#34;: {&#34;html&#34;: &#34;4.1.1&#34;, &#34;metadata&#34;: &#34;3.1.1&#34;}}, &#34;tests&#34;: {&#34;test.py::test_signUp_with_valid_credentials&#34;: [{&#34;extras&#34;: [], &#34;result&#34;: &#34;Passed&#34;, &#34;testId&#34;: &#34;test.py::test_signUp_with_valid_credentials&#34;, &#34;duration&#34;: &#34;00:00:08&#34;, &#34;resultsTableRow&#34;: [&#34;&lt;td class=\&#34;col-result\&#34;&gt;Passed&lt;/td&gt;&#34;, &#34;&lt;td class=\&#34;col-testId\&#34;&gt;test.py::test_signUp_with_valid_credentials&lt;/td&gt;&#34;, &#34;&lt;td class=\&#34;col-duration\&#34;&gt;00:00:08&lt;/td&gt;&#34;, &#34;&lt;td class=\&#34;col-links\&#34;&gt;&lt;/td&gt;&#34;], &#34;log&#34;: &#34;No log output captured.&#34;}], &#34;test.py::test_signUp_with_empty_credentials&#34;: [{&#34;extras&#34;: [], &#34;result&#34;: &#34;Passed&#34;, &#34;testId&#34;: &#34;test.py::test_signUp_with_empty_credentials&#34;, &#34;duration&#34;: &#34;00:00:12&#34;, &#34;resultsTableRow&#34;: [&#34;&lt;td class=\&#34;col-result\&#34;&gt;Passed&lt;/td&gt;&#34;, &#34;&lt;td class=\&#34;col-testId\&#34;&gt;test.py::test_signUp_with_empty_credentials&lt;/td&gt;&#34;, &#34;&lt;td class=\&#34;col-duration\&#34;&gt;00:00:12&lt;/td&gt;&#34;, &#34;&lt;td class=\&#34;col-links\&#34;&gt;&lt;/td&gt;&#34;], &#34;log&#34;: &#34;No log output captured.&#34;}], &#34;test.py::test_signUp_with_empty_email&#34;: [{&#34;extras&#34;: [], &#34;result&#34;: &#34;Passed&#34;, &#34;testId&#34;: &#34;test.py::test_signUp_with_empty_email&#34;, &#34;duration&#34;: &#34;00:00:08&#34;, &#34;resultsTableRow&#34;: [&#34;&lt;td class=\&#34;col-result\&#34;&gt;Passed&lt;/td&gt;&#34;, &#34;&lt;td class=\&#34;col-testId\&#34;&gt;test.py::test_signUp_with_empty_email&lt;/td&gt;&#34;, &#34;&lt;td class=\&#34;col-duration\&#34;&gt;00:00:08&lt;/td&gt;&#34;, &#34;&lt;td class=\&#34;col-links\&#34;&gt;&lt;/td&gt;&#34;], &#34;log&#34;: &#34;No log output captured.&#34;}], &#34;test.py::test_signUp_with_empty_password&#34;: [{&#34;extras&#34;: [], &#34;result&#34;: &#34;Passed&#34;, &#34;testId&#34;: &#34;test.py::test_signUp_with_empty_password&#34;, &#34;duration&#34;: &#34;00:00:07&#34;, &#34;resultsTableRow&#34;: [&#34;&lt;td class=\&#34;col-result\&#34;&gt;Passed&lt;/td&gt;&#34;, &#34;&lt;td class=\&#34;col-testId\&#34;&gt;test.py::test_signUp_with_empty_password&lt;/td&gt;&#34;, &#34;&lt;td class=\&#34;col-duration\&#34;&gt;00:00:07&lt;/td&gt;&#34;, &#34;&lt;td class=\&#34;col-links\&#34;&gt;&lt;/td&gt;&#34;], &#34;log&#34;: &#34;No log output captured.&#34;}], &#34;test.py::test_signUp_with_different_password_and_confirmPassword&#34;: [{&#34;extras&#34;: [], &#34;result&#34;: &#34;Passed&#34;, &#34;testId&#34;: &#34;test.py::test_signUp_with_different_password_and_confirmPassword&#34;, &#34;duration&#34;: &#34;00:00:07&#34;, &#34;resultsTableRow&#34;: [&#34;&lt;td class=\&#34;col-result\&#34;&gt;Passed&lt;/td&gt;&#34;, &#34;&lt;td class=\&#34;col-testId\&#34;&gt;test.py::test_signUp_with_different_password_and_confirmPassword&lt;/td&gt;&#34;, &#34;&lt;td class=\&#34;col-duration\&#34;&gt;00:00:07&lt;/td&gt;&#34;, &#34;&lt;td class=\&#34;col-links\&#34;&gt;&lt;/td&gt;&#34;], &#34;log&#34;: &#34;No log output captured.&#34;}], &#34;test.py::test_signUp_with_already_registered_email&#34;: [{&#34;extras&#34;: [], &#34;result&#34;: &#34;Passed&#34;, &#34;testId&#34;: &#34;test.py::test_signUp_with_already_registered_email&#34;, &#34;duration&#34;: &#34;00:00:08&#34;, &#34;resultsTableRow&#34;: [&#34;&lt;td class=\&#34;col-result\&#34;&gt;Passed&lt;/td&gt;&#34;, &#34;&lt;td class=\&#34;col-testId\&#34;&gt;test.py::test_signUp_with_already_registered_email&lt;/td&gt;&#34;, &#34;&lt;td class=\&#34;col-duration\&#34;&gt;00:00:08&lt;/td&gt;&#34;, &#34;&lt;td class=\&#34;col-links\&#34;&gt;&lt;/td&gt;&#34;], &#34;log&#34;: &#34;No log output captured.&#34;}], &#34;test.py::test_signUp_with_invalid_email&#34;: [{&#34;extras&#34;: [], &#34;result&#34;: &#34;Passed&#34;, &#34;testId&#34;: &#34;test.py::test_signUp_with_invalid_email&#34;, &#34;duration&#34;: &#34;00:00:08&#34;, &#34;resultsTableRow&#34;: [&#34;&lt;td class=\&#34;col-result\&#34;&gt;Passed&lt;/td&gt;&#34;, &#34;&lt;td class=\&#34;col-testId\&#34;&gt;test.py::test_signUp_with_invalid_email&lt;/td&gt;&#34;, &#34;&lt;td class=\&#34;col-duration\&#34;&gt;00:00:08&lt;/td&gt;&#34;, &#34;&lt;td class=\&#34;col-links\&#34;&gt;&lt;/td&gt;&#34;], &#34;log&#34;: &#34;No log output captured.&#34;}], &#34;test.py::test_signUp_with_lowercase_password&#34;: [{&#34;extras&#34;: [], &#34;result&#34;: &#34;Failed&#34;, &#34;testId&#34;: &#34;test.py::test_signUp_with_lowercase_password&#34;, &#34;duration&#34;: &#34;00:00:08&#34;, &#34;resultsTableRow&#34;: [&#34;&lt;td class=\&#34;col-result\&#34;&gt;Failed&lt;/td&gt;&#34;, &#34;&lt;td class=\&#34;col-testId\&#34;&gt;test.py::test_signUp_with_lowercase_password&lt;/td&gt;&#34;, &#34;&lt;td class=\&#34;col-duration\&#34;&gt;00:00:08&lt;/td&gt;&#34;, &#34;&lt;td class=\&#34;col-links\&#34;&gt;&lt;/td&gt;&#34;], &#34;log&#34;: &#34;setUp = {&amp;#x27;code_snippet_card&amp;#x27;: &amp;lt;pages.code_snippet_card_page.Code_Snippet_Card_Page object at 0x000001C6646AC270&amp;gt;, &amp;#x27;driver&amp;#x27;: &amp;lt;s...bject at 0x000001C6646AC380&amp;gt;, &amp;#x27;my_dashboard&amp;#x27;: &amp;lt;pages.my_dashboard.My_Dashboard_Page object at 0x000001C6646AC5A0&amp;gt;, ...}\nrandom_email = &amp;#x27;oucpj1b1@test.com&amp;#x27;\n\n    def test_signUp_with_lowercase_password(setUp,random_email):\n        navigation_page : Navigation_Bar_Page = setUp[&amp;#x27;navigation_page&amp;#x27;]\n        signUp_page: SignUp_Page = setUp[&amp;#x27;signUp_page&amp;#x27;]\n        lowercase_password = data[&amp;quot;invalid_credentials&amp;quot;][&amp;quot;lowercase_password&amp;quot;]\n    \n        expected_result = &amp;quot;Password is too short (minimum is 6 characters)&amp;quot;\n    \n        navigation_page.click_signUp_Link()\n        signUp_page.enter_signup_credentials(random_email,lowercase_password,lowercase_password)\n        signUp_page.click_signUp_Btn()\n        actual_result = navigation_page.get_logout_text_from_nav_bar()\n    \n    \n&amp;gt;       assert actual_result == expected_result, f&amp;quot;Expected &amp;#x27;{expected_result}&amp;#x27;, but got &amp;#x27;{actual_result}&amp;#x27;&amp;quot;\nE       AssertionError: Expected &amp;#x27;Password is too short (minimum is 6 characters)&amp;#x27;, but got &amp;#x27;Logout&amp;#x27;\nE       assert &amp;#x27;Logout&amp;#x27; == &amp;#x27;Password is ...6 characters)&amp;#x27;\nE         \nE         - Password is too short (minimum is 6 characters)\nE         + Logout\n\ntest.py:150: AssertionError\n&#34;}], &#34;test.py::test_signUp_with_uppercase_password&#34;: [{&#34;extras&#34;: [], &#34;result&#34;: &#34;Failed&#34;, &#34;testId&#34;: &#34;test.py::test_signUp_with_uppercase_password&#34;, &#34;duration&#34;: &#34;00:00:08&#34;, &#34;resultsTableRow&#34;: [&#34;&lt;td class=\&#34;col-result\&#34;&gt;Failed&lt;/td&gt;&#34;, &#34;&lt;td class=\&#34;col-testId\&#34;&gt;test.py::test_signUp_with_uppercase_password&lt;/td&gt;&#34;, &#34;&lt;td class=\&#34;col-duration\&#34;&gt;00:00:08&lt;/td&gt;&#34;, &#34;&lt;td class=\&#34;col-links\&#34;&gt;&lt;/td&gt;&#34;], &#34;log&#34;: &#34;setUp = {&amp;#x27;code_snippet_card&amp;#x27;: &amp;lt;pages.code_snippet_card_page.Code_Snippet_Card_Page object at 0x000001C6646F0850&amp;gt;, &amp;#x27;driver&amp;#x27;: &amp;lt;s...bject at 0x000001C6646F0950&amp;gt;, &amp;#x27;my_dashboard&amp;#x27;: &amp;lt;pages.my_dashboard.My_Dashboard_Page object at 0x000001C6646F0B50&amp;gt;, ...}\nrandom_email = &amp;#x27;zmzdib7o@test.com&amp;#x27;\n\n    def test_signUp_with_uppercase_password(setUp,random_email):\n        navigation_page : Navigation_Bar_Page = setUp[&amp;#x27;navigation_page&amp;#x27;]\n        signUp_page: SignUp_Page = setUp[&amp;#x27;signUp_page&amp;#x27;]\n        uppercase_password = data[&amp;quot;invalid_credentials&amp;quot;][&amp;quot;uppercase_password&amp;quot;]\n    \n        expected_result = &amp;quot;Password is too short (minimum is 6 characters)&amp;quot;\n    \n        navigation_page.click_signUp_Link()\n        signUp_page.enter_signup_credentials(random_email,uppercase_password,uppercase_password)\n        signUp_page.click_signUp_Btn()\n        actual_result = navigation_page.get_logout_text_from_nav_bar()\n    \n    \n&amp;gt;       assert actual_result == expected_result, f&amp;quot;Expected &amp;#x27;{expected_result}&amp;#x27;, but got &amp;#x27;{actual_result}&amp;#x27;&amp;quot;\nE       AssertionError: Expected &amp;#x27;Password is too short (minimum is 6 characters)&amp;#x27;, but got &amp;#x27;Logout&amp;#x27;\nE       assert &amp;#x27;Logout&amp;#x27; == &amp;#x27;Password is ...6 characters)&amp;#x27;\nE         \nE         - Password is too short (minimum is 6 characters)\nE         + Logout\n\ntest.py:168: AssertionError\n&#34;}], &#34;test.py::test_signUp_with_numeric_password&#34;: [{&#34;extras&#34;: [], &#34;result&#34;: &#34;Failed&#34;, &#34;testId&#34;: &#34;test.py::test_signUp_with_numeric_password&#34;, &#34;duration&#34;: &#34;00:00:08&#34;, &#34;resultsTableRow&#34;: [&#34;&lt;td class=\&#34;col-result\&#34;&gt;Failed&lt;/td&gt;&#34;, &#34;&lt;td class=\&#34;col-testId\&#34;&gt;test.py::test_signUp_with_numeric_password&lt;/td&gt;&#34;, &#34;&lt;td class=\&#34;col-duration\&#34;&gt;00:00:08&lt;/td&gt;&#34;, &#34;&lt;td class=\&#34;col-links\&#34;&gt;&lt;/td&gt;&#34;], &#34;log&#34;: &#34;setUp = {&amp;#x27;code_snippet_card&amp;#x27;: &amp;lt;pages.code_snippet_card_page.Code_Snippet_Card_Page object at 0x000001C6646F1C50&amp;gt;, &amp;#x27;driver&amp;#x27;: &amp;lt;s...bject at 0x000001C6646F1D50&amp;gt;, &amp;#x27;my_dashboard&amp;#x27;: &amp;lt;pages.my_dashboard.My_Dashboard_Page object at 0x000001C6646F1F50&amp;gt;, ...}\nrandom_email = &amp;#x27;qvy1pxli@test.com&amp;#x27;\n\n    def test_signUp_with_numeric_password(setUp,random_email):\n        navigation_page : Navigation_Bar_Page = setUp[&amp;#x27;navigation_page&amp;#x27;]\n        signUp_page: SignUp_Page = setUp[&amp;#x27;signUp_page&amp;#x27;]\n        numeric_password = data[&amp;quot;invalid_credentials&amp;quot;][&amp;quot;numeric_password&amp;quot;]\n    \n        expected_result = &amp;quot;Password is too short (minimum is 6 characters)&amp;quot;\n    \n        navigation_page.click_signUp_Link()\n        signUp_page.enter_signup_credentials(random_email,numeric_password,numeric_password)\n        signUp_page.click_signUp_Btn()\n        actual_result = navigation_page.get_logout_text_from_nav_bar()\n    \n&amp;gt;       assert actual_result == expected_result, f&amp;quot;Expected &amp;#x27;{expected_result}&amp;#x27;, but got &amp;#x27;{actual_result}&amp;#x27;&amp;quot;\nE       AssertionError: Expected &amp;#x27;Password is too short (minimum is 6 characters)&amp;#x27;, but got &amp;#x27;Logout&amp;#x27;\nE       assert &amp;#x27;Logout&amp;#x27; == &amp;#x27;Password is ...6 characters)&amp;#x27;\nE         \nE         - Password is too short (minimum is 6 characters)\nE         + Logout\n\ntest.py:185: AssertionError\n&#34;}], &#34;test.py::test_signUp_with_symbol_password&#34;: [{&#34;extras&#34;: [], &#34;result&#34;: &#34;Failed&#34;, &#34;testId&#34;: &#34;test.py::test_signUp_with_symbol_password&#34;, &#34;duration&#34;: &#34;00:00:08&#34;, &#34;resultsTableRow&#34;: [&#34;&lt;td class=\&#34;col-result\&#34;&gt;Failed&lt;/td&gt;&#34;, &#34;&lt;td class=\&#34;col-testId\&#34;&gt;test.py::test_signUp_with_symbol_password&lt;/td&gt;&#34;, &#34;&lt;td class=\&#34;col-duration\&#34;&gt;00:00:08&lt;/td&gt;&#34;, &#34;&lt;td class=\&#34;col-links\&#34;&gt;&lt;/td&gt;&#34;], &#34;log&#34;: &#34;setUp = {&amp;#x27;code_snippet_card&amp;#x27;: &amp;lt;pages.code_snippet_card_page.Code_Snippet_Card_Page object at 0x000001C6647086E0&amp;gt;, &amp;#x27;driver&amp;#x27;: &amp;lt;s...bject at 0x000001C6647087D0&amp;gt;, &amp;#x27;my_dashboard&amp;#x27;: &amp;lt;pages.my_dashboard.My_Dashboard_Page object at 0x000001C6647089B0&amp;gt;, ...}\nrandom_email = &amp;#x27;udco4fzb@test.com&amp;#x27;\n\n    def test_signUp_with_symbol_password(setUp,random_email):\n        navigation_page : Navigation_Bar_Page = setUp[&amp;#x27;navigation_page&amp;#x27;]\n        signUp_page: SignUp_Page = setUp[&amp;#x27;signUp_page&amp;#x27;]\n        symbol_password = data[&amp;quot;invalid_credentials&amp;quot;][&amp;quot;symbol_password&amp;quot;]\n    \n        expected_result = &amp;quot;Password is too short (minimum is 6 characters)&amp;quot;\n    \n        navigation_page.click_signUp_Link()\n        signUp_page.enter_signup_credentials(random_email,symbol_password,symbol_password)\n        signUp_page.click_signUp_Btn()\n        actual_result = navigation_page.get_logout_text_from_nav_bar()\n    \n&amp;gt;       assert actual_result == expected_result, f&amp;quot;Expected &amp;#x27;{expected_result}&amp;#x27;, but got &amp;#x27;{actual_result}&amp;#x27;&amp;quot;\nE       AssertionError: Expected &amp;#x27;Password is too short (minimum is 6 characters)&amp;#x27;, but got &amp;#x27;Logout&amp;#x27;\nE       assert &amp;#x27;Logout&amp;#x27; == &amp;#x27;Password is ...6 characters)&amp;#x27;\nE         \nE         - Password is too short (minimum is 6 characters)\nE         + Logout\n\ntest.py:202: AssertionError\n&#34;}], &#34;test.py::test_signUp_with_lessthansix_password&#34;: [{&#34;extras&#34;: [], &#34;result&#34;: &#34;Failed&#34;, &#34;testId&#34;: &#34;test.py::test_signUp_with_lessthansix_password&#34;, &#34;duration&#34;: &#34;00:00:08&#34;, &#34;resultsTableRow&#34;: [&#34;&lt;td class=\&#34;col-result\&#34;&gt;Failed&lt;/td&gt;&#34;, &#34;&lt;td class=\&#34;col-testId\&#34;&gt;test.py::test_signUp_with_lessthansix_password&lt;/td&gt;&#34;, &#34;&lt;td class=\&#34;col-duration\&#34;&gt;00:00:08&lt;/td&gt;&#34;, &#34;&lt;td class=\&#34;col-links\&#34;&gt;&lt;/td&gt;&#34;], &#34;log&#34;: &#34;setUp = {&amp;#x27;code_snippet_card&amp;#x27;: &amp;lt;pages.code_snippet_card_page.Code_Snippet_Card_Page object at 0x000001C664709D60&amp;gt;, &amp;#x27;driver&amp;#x27;: &amp;lt;s...bject at 0x000001C664709E50&amp;gt;, &amp;#x27;my_dashboard&amp;#x27;: &amp;lt;pages.my_dashboard.My_Dashboard_Page object at 0x000001C66470A030&amp;gt;, ...}\nrandom_email = &amp;#x27;j6ptf1zf@test.com&amp;#x27;\n\n    def test_signUp_with_lessthansix_password(setUp,random_email):\n        navigation_page : Navigation_Bar_Page = setUp[&amp;#x27;navigation_page&amp;#x27;]\n        signUp_page: SignUp_Page = setUp[&amp;#x27;signUp_page&amp;#x27;]\n        lessthansix_password = data[&amp;quot;invalid_credentials&amp;quot;][&amp;quot;symbol_password&amp;quot;]\n    \n        expected_result = &amp;quot;Password is too short (minimum is 6 characters)&amp;quot;\n    \n        navigation_page.click_signUp_Link()\n        signUp_page.enter_signup_credentials(random_email,lessthansix_password,lessthansix_password)\n        signUp_page.click_signUp_Btn()\n        actual_result = navigation_page.get_logout_text_from_nav_bar()\n    \n    \n&amp;gt;       assert actual_result == expected_result, f&amp;quot;Expected &amp;#x27;{expected_result}&amp;#x27;, but got &amp;#x27;{actual_result}&amp;#x27;&amp;quot;\nE       AssertionError: Expected &amp;#x27;Password is too short (minimum is 6 characters)&amp;#x27;, but got &amp;#x27;Logout&amp;#x27;\nE       assert &amp;#x27;Logout&amp;#x27; == &amp;#x27;Password is ...6 characters)&amp;#x27;\nE         \nE         - Password is too short (minimum is 6 characters)\nE         + Logout\n\ntest.py:220: AssertionError\n&#34;}], &#34;test.py::test_login_with_valid_credentials&#34;: [{&#34;extras&#34;: [], &#34;result&#34;: &#34;Passed&#34;, &#34;testId&#34;: &#34;test.py::test_login_with_valid_credentials&#34;, &#34;duration&#34;: &#34;00:00:07&#34;, &#34;resultsTableRow&#34;: [&#34;&lt;td class=\&#34;col-result\&#34;&gt;Passed&lt;/td&gt;&#34;, &#34;&lt;td class=\&#34;col-testId\&#34;&gt;test.py::test_login_with_valid_credentials&lt;/td&gt;&#34;, &#34;&lt;td class=\&#34;col-duration\&#34;&gt;00:00:07&lt;/td&gt;&#34;, &#34;&lt;td class=\&#34;col-links\&#34;&gt;&lt;/td&gt;&#34;], &#34;log&#34;: &#34;No log output captured.&#34;}], &#34;test.py::test_login_with_invalid_email_and_valid_password&#34;: [{&#34;extras&#34;: [], &#34;result&#34;: &#34;Passed&#34;, &#34;testId&#34;: &#34;test.py::test_login_with_invalid_email_and_valid_password&#34;, &#34;duration&#34;: &#34;00:00:08&#34;, &#34;resultsTableRow&#34;: [&#34;&lt;td class=\&#34;col-result\&#34;&gt;Passed&lt;/td&gt;&#34;, &#34;&lt;td class=\&#34;col-testId\&#34;&gt;test.py::test_login_with_invalid_email_and_valid_password&lt;/td&gt;&#34;, &#34;&lt;td class=\&#34;col-duration\&#34;&gt;00:00:08&lt;/td&gt;&#34;, &#34;&lt;td class=\&#34;col-links\&#34;&gt;&lt;/td&gt;&#34;], &#34;log&#34;: &#34;No log output captured.&#34;}], &#34;test.py::test_login_with_valid_email_and_invalid_password&#34;: [{&#34;extras&#34;: [], &#34;result&#34;: &#34;Passed&#34;, &#34;testId&#34;: &#34;test.py::test_login_with_valid_email_and_invalid_password&#34;, &#34;duration&#34;: &#34;00:00:07&#34;, &#34;resultsTableRow&#34;: [&#34;&lt;td class=\&#34;col-result\&#34;&gt;Passed&lt;/td&gt;&#34;, &#34;&lt;td class=\&#34;col-testId\&#34;&gt;test.py::test_login_with_valid_email_and_invalid_password&lt;/td&gt;&#34;, &#34;&lt;td class=\&#34;col-duration\&#34;&gt;00:00:07&lt;/td&gt;&#34;, &#34;&lt;td class=\&#34;col-links\&#34;&gt;&lt;/td&gt;&#34;], &#34;log&#34;: &#34;No log output captured.&#34;}], &#34;test.py::test_login_with_empty_credential&#34;: [{&#34;extras&#34;: [], &#34;result&#34;: &#34;Passed&#34;, &#34;testId&#34;: &#34;test.py::test_login_with_empty_credential&#34;, &#34;duration&#34;: &#34;00:00:07&#34;, &#34;resultsTableRow&#34;: [&#34;&lt;td class=\&#34;col-result\&#34;&gt;Passed&lt;/td&gt;&#34;, &#34;&lt;td class=\&#34;col-testId\&#34;&gt;test.py::test_login_with_empty_credential&lt;/td&gt;&#34;, &#34;&lt;td class=\&#34;col-duration\&#34;&gt;00:00:07&lt;/td&gt;&#34;, &#34;&lt;td class=\&#34;col-links\&#34;&gt;&lt;/td&gt;&#34;], &#34;log&#34;: &#34;No log output captured.&#34;}], &#34;test.py::test_pasword_recovery_with_empty_email_field&#34;: [{&#34;extras&#34;: [], &#34;result&#34;: &#34;Passed&#34;, &#34;testId&#34;: &#34;test.py::test_pasword_recovery_with_empty_email_field&#34;, &#34;duration&#34;: &#34;00:00:10&#34;, &#34;resultsTableRow&#34;: [&#34;&lt;td class=\&#34;col-result\&#34;&gt;Passed&lt;/td&gt;&#34;, &#34;&lt;td class=\&#34;col-testId\&#34;&gt;test.py::test_pasword_recovery_with_empty_email_field&lt;/td&gt;&#34;, &#34;&lt;td class=\&#34;col-duration\&#34;&gt;00:00:10&lt;/td&gt;&#34;, &#34;&lt;td class=\&#34;col-links\&#34;&gt;&lt;/td&gt;&#34;], &#34;log&#34;: &#34;No log output captured.&#34;}], &#34;test.py::test_password_recovery_with_valid_email&#34;: [{&#34;extras&#34;: [], &#34;result&#34;: &#34;Failed&#34;, &#34;testId&#34;: &#34;test.py::test_password_recovery_with_valid_email&#34;, &#34;duration&#34;: &#34;00:00:13&#34;, &#34;resultsTableRow&#34;: [&#34;&lt;td class=\&#34;col-result\&#34;&gt;Failed&lt;/td&gt;&#34;, &#34;&lt;td class=\&#34;col-testId\&#34;&gt;test.py::test_password_recovery_with_valid_email&lt;/td&gt;&#34;, &#34;&lt;td class=\&#34;col-duration\&#34;&gt;00:00:13&lt;/td&gt;&#34;, &#34;&lt;td class=\&#34;col-links\&#34;&gt;&lt;/td&gt;&#34;], &#34;log&#34;: &#34;setUp = {&amp;#x27;code_snippet_card&amp;#x27;: &amp;lt;pages.code_snippet_card_page.Code_Snippet_Card_Page object at 0x000001C6646CBA10&amp;gt;, &amp;#x27;driver&amp;#x27;: &amp;lt;s...bject at 0x000001C6646CBAC0&amp;gt;, &amp;#x27;my_dashboard&amp;#x27;: &amp;lt;pages.my_dashboard.My_Dashboard_Page object at 0x000001C6646CBC20&amp;gt;, ...}\n\n    def test_password_recovery_with_valid_email(setUp):\n        navigation_page: Navigation_Bar_Page = setUp[&amp;#x27;navigation_page&amp;#x27;]\n        login_page: Login_Page = setUp[&amp;#x27;login_page&amp;#x27;]\n        expected_result = &amp;quot;You will receive an email with instructions on how to reset your password in a few minutes.&amp;quot;\n    \n        navigation_page.click_login_link()\n        login_page.click_forgot_password_link()\n    \n        time.sleep(1)\n    \n        valid_email = data[&amp;quot;valid_user_signup&amp;quot;][&amp;quot;email&amp;quot;]\n        login_page.enter_email_in_forgot_password_field(valid_email)\n        login_page.click_reset_instruction_btn()\n    \n        try:\n&amp;gt;           actual_result = login_page.get_reset_password_success_msg()\n\ntest.py:323: \n_ _ _ _ _ _ _ _ _ _ _ _ _ _ _ _ _ _ _ _ _ _ _ _ _ _ _ _ _ _ _ _ _ _ _ _ _ _ _ _ _ _ _ _ _ _ _ _ _ _ _ _ _ _ _ _ _ _ _ _ _ _ _ _ _\npages\\login_page.py:47: in get_reset_password_success_msg\n    reset_msg = self.wait.until(EC.presence_of_element_located(Locators.VALID_RESET_MSG))\n_ _ _ _ _ _ _ _ _ _ _ _ _ _ _ _ _ _ _ _ _ _ _ _ _ _ _ _ _ _ _ _ _ _ _ _ _ _ _ _ _ _ _ _ _ _ _ _ _ _ _ _ _ _ _ _ _ _ _ _ _ _ _ _ _\n\nself = &amp;lt;selenium.webdriver.support.wait.WebDriverWait (session=&amp;quot;537f58a0de80df2770b634dafa1ce586&amp;quot;)&amp;gt;\nmethod = &amp;lt;function presence_of_element_located.&amp;lt;locals&amp;gt;._predicate at 0x000001C6647000E0&amp;gt;, message = &amp;#x27;&amp;#x27;\n\n    def until(self, method: Callable[[D], Union[Literal[False], T]], message: str = &amp;quot;&amp;quot;) -&amp;gt; T:\n        &amp;quot;&amp;quot;&amp;quot;Wait until the method returns a value that is not False.\n    \n        Calls the method provided with the driver as an argument until the\n        return value does not evaluate to ``False``.\n    \n        Parameters:\n        ----------\n        method: callable(WebDriver)\n            - A callable object that takes a WebDriver instance as an argument.\n    \n        message: str\n            - Optional message for :exc:`TimeoutException`\n    \n        Return:\n        -------\n        object: T\n            - The result of the last call to `method`\n    \n        Raises:\n        -------\n        TimeoutException\n            - If &amp;#x27;method&amp;#x27; does not return a truthy value within the WebDriverWait\n            object&amp;#x27;s timeout\n    \n        Example:\n        --------\n        &amp;gt;&amp;gt;&amp;gt; from selenium.webdriver.common.by import By\n        &amp;gt;&amp;gt;&amp;gt; from selenium.webdriver.support.ui import WebDriverWait\n        &amp;gt;&amp;gt;&amp;gt; from selenium.webdriver.support import expected_conditions as EC\n    \n        # Wait until an element is visible on the page\n        &amp;gt;&amp;gt;&amp;gt; wait = WebDriverWait(driver, 10)\n        &amp;gt;&amp;gt;&amp;gt; element = wait.until(EC.visibility_of_element_located((By.ID, &amp;quot;exampleId&amp;quot;)))\n        &amp;gt;&amp;gt;&amp;gt; print(element.text)\n        &amp;quot;&amp;quot;&amp;quot;\n        screen = None\n        stacktrace = None\n    \n        end_time = time.monotonic() + self._timeout\n        while True:\n            try:\n                value = method(self._driver)\n                if value:\n                    return value\n            except self._ignored_exceptions as exc:\n                screen = getattr(exc, &amp;quot;screen&amp;quot;, None)\n                stacktrace = getattr(exc, &amp;quot;stacktrace&amp;quot;, None)\n            if time.monotonic() &amp;gt; end_time:\n                break\n            time.sleep(self._poll)\n&amp;gt;       raise TimeoutException(message, screen, stacktrace)\nE       selenium.common.exceptions.TimeoutException: Message: \nE       Stacktrace:\nE       \tGetHandleVerifier [0x00007FF6E3CAEFA5+77893]\nE       \tGetHandleVerifier [0x00007FF6E3CAF000+77984]\nE       \t(No symbol) [0x00007FF6E3A791BA]\nE       \t(No symbol) [0x00007FF6E3ACF16D]\nE       \t(No symbol) [0x00007FF6E3ACF41C]\nE       \t(No symbol) [0x00007FF6E3B22237]\nE       \t(No symbol) [0x00007FF6E3AF716F]\nE       \t(No symbol) [0x00007FF6E3B1F07F]\nE       \t(No symbol) [0x00007FF6E3AF6F03]\nE       \t(No symbol) [0x00007FF6E3AC0328]\nE       \t(No symbol) [0x00007FF6E3AC1093]\nE       \tGetHandleVerifier [0x00007FF6E3F67B6D+2931725]\nE       \tGetHandleVerifier [0x00007FF6E3F62132+2908626]\nE       \tGetHandleVerifier [0x00007FF6E3F800F3+3031443]\nE       \tGetHandleVerifier [0x00007FF6E3CC91EA+184970]\nE       \tGetHandleVerifier [0x00007FF6E3CD086F+215311]\nE       \tGetHandleVerifier [0x00007FF6E3CB6EC4+110436]\nE       \tGetHandleVerifier [0x00007FF6E3CB7072+110866]\nE       \tGetHandleVerifier [0x00007FF6E3C9D479+5401]\nE       \tBaseThreadInitThunk [0x00007FF8F60D7374+20]\nE       \tRtlUserThreadStart [0x00007FF8F72DCC91+33]\n\n..\\..\\..\\AppData\\Local\\Programs\\Python\\Python313\\Lib\\site-packages\\selenium\\webdriver\\support\\wait.py:146: TimeoutException\n\nDuring handling of the above exception, another exception occurred:\n\nsetUp = {&amp;#x27;code_snippet_card&amp;#x27;: &amp;lt;pages.code_snippet_card_page.Code_Snippet_Card_Page object at 0x000001C6646CBA10&amp;gt;, &amp;#x27;driver&amp;#x27;: &amp;lt;s...bject at 0x000001C6646CBAC0&amp;gt;, &amp;#x27;my_dashboard&amp;#x27;: &amp;lt;pages.my_dashboard.My_Dashboard_Page object at 0x000001C6646CBC20&amp;gt;, ...}\n\n    def test_password_recovery_with_valid_email(setUp):\n        navigation_page: Navigation_Bar_Page = setUp[&amp;#x27;navigation_page&amp;#x27;]\n        login_page: Login_Page = setUp[&amp;#x27;login_page&amp;#x27;]\n        expected_result = &amp;quot;You will receive an email with instructions on how to reset your password in a few minutes.&amp;quot;\n    \n        navigation_page.click_login_link()\n        login_page.click_forgot_password_link()\n    \n        time.sleep(1)\n    \n        valid_email = data[&amp;quot;valid_user_signup&amp;quot;][&amp;quot;email&amp;quot;]\n        login_page.enter_email_in_forgot_password_field(valid_email)\n        login_page.click_reset_instruction_btn()\n    \n        try:\n            actual_result = login_page.get_reset_password_success_msg()\n            assert actual_result == expected_result, f&amp;quot;Expected &amp;#x27;{expected_result}&amp;#x27;, but got &amp;#x27;{actual_result}&amp;#x27;&amp;quot;\n            print(&amp;quot;Test Passed: Password reset with valid email triggered success message.&amp;quot;)\n        except TimeoutException as e:\n&amp;gt;           pytest.fail(&amp;quot;Test failed because the reset email msg element is not found.&amp;quot;)\nE           Failed: Test failed because the reset email msg element is not found.\n\ntest.py:327: Failed\n&#34;}], &#34;test.py::test_password_recovery_with_unregistered_email&#34;: [{&#34;extras&#34;: [], &#34;result&#34;: &#34;Passed&#34;, &#34;testId&#34;: &#34;test.py::test_password_recovery_with_unregistered_email&#34;, &#34;duration&#34;: &#34;00:00:09&#34;, &#34;resultsTableRow&#34;: [&#34;&lt;td class=\&#34;col-result\&#34;&gt;Passed&lt;/td&gt;&#34;, &#34;&lt;td class=\&#34;col-testId\&#34;&gt;test.py::test_password_recovery_with_unregistered_email&lt;/td&gt;&#34;, &#34;&lt;td class=\&#34;col-duration\&#34;&gt;00:00:09&lt;/td&gt;&#34;, &#34;&lt;td class=\&#34;col-links\&#34;&gt;&lt;/td&gt;&#34;], &#34;log&#34;: &#34;No log output captured.&#34;}], &#34;test.py::test_guest_user_should_login_before_creating_new_code_snippet&#34;: [{&#34;extras&#34;: [], &#34;result&#34;: &#34;Passed&#34;, &#34;testId&#34;: &#34;test.py::test_guest_user_should_login_before_creating_new_code_snippet&#34;, &#34;duration&#34;: &#34;00:00:07&#34;, &#34;resultsTableRow&#34;: [&#34;&lt;td class=\&#34;col-result\&#34;&gt;Passed&lt;/td&gt;&#34;, &#34;&lt;td class=\&#34;col-testId\&#34;&gt;test.py::test_guest_user_should_login_before_creating_new_code_snippet&lt;/td&gt;&#34;, &#34;&lt;td class=\&#34;col-duration\&#34;&gt;00:00:07&lt;/td&gt;&#34;, &#34;&lt;td class=\&#34;col-links\&#34;&gt;&lt;/td&gt;&#34;], &#34;log&#34;: &#34;No log output captured.&#34;}], &#34;test.py::test_login_user_can_create_new_code_snippet&#34;: [{&#34;extras&#34;: [], &#34;result&#34;: &#34;Passed&#34;, &#34;testId&#34;: &#34;test.py::test_login_user_can_create_new_code_snippet&#34;, &#34;duration&#34;: &#34;00:00:10&#34;, &#34;resultsTableRow&#34;: [&#34;&lt;td class=\&#34;col-result\&#34;&gt;Passed&lt;/td&gt;&#34;, &#34;&lt;td class=\&#34;col-testId\&#34;&gt;test.py::test_login_user_can_create_new_code_snippet&lt;/td&gt;&#34;, &#34;&lt;td class=\&#34;col-duration\&#34;&gt;00:00:10&lt;/td&gt;&#34;, &#34;&lt;td class=\&#34;col-links\&#34;&gt;&lt;/td&gt;&#34;], &#34;log&#34;: &#34;No log output captured.&#34;}], &#34;test.py::test_create_new_code_snippet&#34;: [{&#34;extras&#34;: [], &#34;result&#34;: &#34;Failed&#34;, &#34;testId&#34;: &#34;test.py::test_create_new_code_snippet&#34;, &#34;duration&#34;: &#34;00:00:15&#34;, &#34;resultsTableRow&#34;: [&#34;&lt;td class=\&#34;col-result\&#34;&gt;Failed&lt;/td&gt;&#34;, &#34;&lt;td class=\&#34;col-testId\&#34;&gt;test.py::test_create_new_code_snippet&lt;/td&gt;&#34;, &#34;&lt;td class=\&#34;col-duration\&#34;&gt;00:00:15&lt;/td&gt;&#34;, &#34;&lt;td class=\&#34;col-links\&#34;&gt;&lt;/td&gt;&#34;], &#34;log&#34;: &#34;login_user = {&amp;#x27;code_snippet_card&amp;#x27;: &amp;lt;pages.code_snippet_card_page.Code_Snippet_Card_Page object at 0x000001C6646EC950&amp;gt;, &amp;#x27;driver&amp;#x27;: &amp;lt;s...bject at 0x000001C6646ECA70&amp;gt;, &amp;#x27;my_dashboard&amp;#x27;: &amp;lt;pages.my_dashboard.My_Dashboard_Page object at 0x000001C6646ECCB0&amp;gt;, ...}\n\n    def test_create_new_code_snippet(login_user):\n        # Extracting page objects\n        navigation_page = login_user[&amp;#x27;navigation_page&amp;#x27;]\n        new_code_snippet_page = login_user[&amp;#x27;new_code_snippet&amp;#x27;]\n    \n        # Navigate to the &amp;quot;New Code Snippet&amp;quot; page\n        navigation_page.click_code_snippets_link()\n        new_code_snippet_page.click_new_code_snippet_link()\n    \n        # Fill the form with data\n        title = data[&amp;quot;snippets&amp;quot;][&amp;quot;JavaScript&amp;quot;][&amp;quot;title&amp;quot;]\n        language = data[&amp;quot;snippets&amp;quot;][&amp;quot;JavaScript&amp;quot;][&amp;quot;language&amp;quot;]\n        description = data[&amp;quot;snippets&amp;quot;][&amp;quot;JavaScript&amp;quot;][&amp;quot;description&amp;quot;]\n        code = data[&amp;quot;snippets&amp;quot;][&amp;quot;JavaScript&amp;quot;][&amp;quot;code&amp;quot;]\n        new_code_snippet_page.input_title(title)\n        new_code_snippet_page.select_language(language)\n        new_code_snippet_page.input_description(description)\n        new_code_snippet_page.input_code(code)\n    \n        # Optionally set the snippet as private and select tags\n        new_code_snippet_page.toggle_private_checkbox(should_check=True)\n&amp;gt;       new_code_snippet_page.select_tag(data[&amp;quot;CodeSnippetCard&amp;quot;][&amp;quot;tags&amp;quot;])  # Dynamically select the tag\n\ntest.py:394: \n_ _ _ _ _ _ _ _ _ _ _ _ _ _ _ _ _ _ _ _ _ _ _ _ _ _ _ _ _ _ _ _ _ _ _ _ _ _ _ _ _ _ _ _ _ _ _ _ _ _ _ _ _ _ _ _ _ _ _ _ _ _ _ _ _\npages\\new_code_snippet_form_page.py:58: in select_tag\n    tag_checkbox = self.wait.until(EC.presence_of_element_located(tag_checkbox_locator))\n_ _ _ _ _ _ _ _ _ _ _ _ _ _ _ _ _ _ _ _ _ _ _ _ _ _ _ _ _ _ _ _ _ _ _ _ _ _ _ _ _ _ _ _ _ _ _ _ _ _ _ _ _ _ _ _ _ _ _ _ _ _ _ _ _\n\nself = &amp;lt;selenium.webdriver.support.wait.WebDriverWait (session=&amp;quot;ea78e2185c4454fd01a40e2b3767ac77&amp;quot;)&amp;gt;\nmethod = &amp;lt;function presence_of_element_located.&amp;lt;locals&amp;gt;._predicate at 0x000001C6647020C0&amp;gt;, message = &amp;#x27;&amp;#x27;\n\n    def until(self, method: Callable[[D], Union[Literal[False], T]], message: str = &amp;quot;&amp;quot;) -&amp;gt; T:\n        &amp;quot;&amp;quot;&amp;quot;Wait until the method returns a value that is not False.\n    \n        Calls the method provided with the driver as an argument until the\n        return value does not evaluate to ``False``.\n    \n        Parameters:\n        ----------\n        method: callable(WebDriver)\n            - A callable object that takes a WebDriver instance as an argument.\n    \n        message: str\n            - Optional message for :exc:`TimeoutException`\n    \n        Return:\n        -------\n        object: T\n            - The result of the last call to `method`\n    \n        Raises:\n        -------\n        TimeoutException\n            - If &amp;#x27;method&amp;#x27; does not return a truthy value within the WebDriverWait\n            object&amp;#x27;s timeout\n    \n        Example:\n        --------\n        &amp;gt;&amp;gt;&amp;gt; from selenium.webdriver.common.by import By\n        &amp;gt;&amp;gt;&amp;gt; from selenium.webdriver.support.ui import WebDriverWait\n        &amp;gt;&amp;gt;&amp;gt; from selenium.webdriver.support import expected_conditions as EC\n    \n        # Wait until an element is visible on the page\n        &amp;gt;&amp;gt;&amp;gt; wait = WebDriverWait(driver, 10)\n        &amp;gt;&amp;gt;&amp;gt; element = wait.until(EC.visibility_of_element_located((By.ID, &amp;quot;exampleId&amp;quot;)))\n        &amp;gt;&amp;gt;&amp;gt; print(element.text)\n        &amp;quot;&amp;quot;&amp;quot;\n        screen = None\n        stacktrace = None\n    \n        end_time = time.monotonic() + self._timeout\n        while True:\n            try:\n                value = method(self._driver)\n                if value:\n                    return value\n            except self._ignored_exceptions as exc:\n                screen = getattr(exc, &amp;quot;screen&amp;quot;, None)\n                stacktrace = getattr(exc, &amp;quot;stacktrace&amp;quot;, None)\n            if time.monotonic() &amp;gt; end_time:\n                break\n            time.sleep(self._poll)\n&amp;gt;       raise TimeoutException(message, screen, stacktrace)\nE       selenium.common.exceptions.TimeoutException: Message: \nE       Stacktrace:\nE       \tGetHandleVerifier [0x00007FF6E3CAEFA5+77893]\nE       \tGetHandleVerifier [0x00007FF6E3CAF000+77984]\nE       \t(No symbol) [0x00007FF6E3A791BA]\nE       \t(No symbol) [0x00007FF6E3ACF16D]\nE       \t(No symbol) [0x00007FF6E3ACF41C]\nE       \t(No symbol) [0x00007FF6E3B22237]\nE       \t(No symbol) [0x00007FF6E3AF716F]\nE       \t(No symbol) [0x00007FF6E3B1F07F]\nE       \t(No symbol) [0x00007FF6E3AF6F03]\nE       \t(No symbol) [0x00007FF6E3AC0328]\nE       \t(No symbol) [0x00007FF6E3AC1093]\nE       \tGetHandleVerifier [0x00007FF6E3F67B6D+2931725]\nE       \tGetHandleVerifier [0x00007FF6E3F62132+2908626]\nE       \tGetHandleVerifier [0x00007FF6E3F800F3+3031443]\nE       \tGetHandleVerifier [0x00007FF6E3CC91EA+184970]\nE       \tGetHandleVerifier [0x00007FF6E3CD086F+215311]\nE       \tGetHandleVerifier [0x00007FF6E3CB6EC4+110436]\nE       \tGetHandleVerifier [0x00007FF6E3CB7072+110866]\nE       \tGetHandleVerifier [0x00007FF6E3C9D479+5401]\nE       \tBaseThreadInitThunk [0x00007FF8F60D7374+20]\nE       \tRtlUserThreadStart [0x00007FF8F72DCC91+33]\n\n..\\..\\..\\AppData\\Local\\Programs\\Python\\Python313\\Lib\\site-packages\\selenium\\webdriver\\support\\wait.py:146: TimeoutException\n&#34;}], &#34;test.py::test_required_fields_validation&#34;: [{&#34;extras&#34;: [], &#34;result&#34;: &#34;Failed&#34;, &#34;testId&#34;: &#34;test.py::test_required_fields_validation&#34;, &#34;duration&#34;: &#34;00:00:16&#34;, &#34;resultsTableRow&#34;: [&#34;&lt;td class=\&#34;col-result\&#34;&gt;Failed&lt;/td&gt;&#34;, &#34;&lt;td class=\&#34;col-testId\&#34;&gt;test.py::test_required_fields_validation&lt;/td&gt;&#34;, &#34;&lt;td class=\&#34;col-duration\&#34;&gt;00:00:16&lt;/td&gt;&#34;, &#34;&lt;td class=\&#34;col-links\&#34;&gt;&lt;/td&gt;&#34;], &#34;log&#34;: &#34;login_user = {&amp;#x27;code_snippet_card&amp;#x27;: &amp;lt;pages.code_snippet_card_page.Code_Snippet_Card_Page object at 0x000001C6646D3750&amp;gt;, &amp;#x27;driver&amp;#x27;: &amp;lt;s...bject at 0x000001C6646D2AD0&amp;gt;, &amp;#x27;my_dashboard&amp;#x27;: &amp;lt;pages.my_dashboard.My_Dashboard_Page object at 0x000001C6646D3ED0&amp;gt;, ...}\n\n    def test_required_fields_validation(login_user):\n        navigation_page = login_user[&amp;#x27;navigation_page&amp;#x27;]\n        new_code_snippet_page = login_user[&amp;#x27;new_code_snippet&amp;#x27;]\n        driver = login_user[&amp;quot;driver&amp;quot;]\n        time.sleep(1)\n        navigation_page.click_code_snippets_link()\n        new_code_snippet_page.click_new_code_snippet_link()\n        # Attempt to submit without filling required fields\n        new_code_snippet_page.click_create_button()\n    \n&amp;gt;       error_elements = new_code_snippet_page.is_error_displayed()\n\ntest.py:415: \n_ _ _ _ _ _ _ _ _ _ _ _ _ _ _ _ _ _ _ _ _ _ _ _ _ _ _ _ _ _ _ _ _ _ _ _ _ _ _ _ _ _ _ _ _ _ _ _ _ _ _ _ _ _ _ _ _ _ _ _ _ _ _ _ _\npages\\new_code_snippet_form_page.py:78: in is_error_displayed\n    error_msg = self.wait.until(EC.presence_of_all_elements_located(Locators.VALIDATION_ERROR_MSGS))\n_ _ _ _ _ _ _ _ _ _ _ _ _ _ _ _ _ _ _ _ _ _ _ _ _ _ _ _ _ _ _ _ _ _ _ _ _ _ _ _ _ _ _ _ _ _ _ _ _ _ _ _ _ _ _ _ _ _ _ _ _ _ _ _ _\n\nself = &amp;lt;selenium.webdriver.support.wait.WebDriverWait (session=&amp;quot;a3ab969617d04c21bfc537026961e601&amp;quot;)&amp;gt;\nmethod = &amp;lt;function presence_of_all_elements_located.&amp;lt;locals&amp;gt;._predicate at 0x000001C664702020&amp;gt;, message = &amp;#x27;&amp;#x27;\n\n    def until(self, method: Callable[[D], Union[Literal[False], T]], message: str = &amp;quot;&amp;quot;) -&amp;gt; T:\n        &amp;quot;&amp;quot;&amp;quot;Wait until the method returns a value that is not False.\n    \n        Calls the method provided with the driver as an argument until the\n        return value does not evaluate to ``False``.\n    \n        Parameters:\n        ----------\n        method: callable(WebDriver)\n            - A callable object that takes a WebDriver instance as an argument.\n    \n        message: str\n            - Optional message for :exc:`TimeoutException`\n    \n        Return:\n        -------\n        object: T\n            - The result of the last call to `method`\n    \n        Raises:\n        -------\n        TimeoutException\n            - If &amp;#x27;method&amp;#x27; does not return a truthy value within the WebDriverWait\n            object&amp;#x27;s timeout\n    \n        Example:\n        --------\n        &amp;gt;&amp;gt;&amp;gt; from selenium.webdriver.common.by import By\n        &amp;gt;&amp;gt;&amp;gt; from selenium.webdriver.support.ui import WebDriverWait\n        &amp;gt;&amp;gt;&amp;gt; from selenium.webdriver.support import expected_conditions as EC\n    \n        # Wait until an element is visible on the page\n        &amp;gt;&amp;gt;&amp;gt; wait = WebDriverWait(driver, 10)\n        &amp;gt;&amp;gt;&amp;gt; element = wait.until(EC.visibility_of_element_located((By.ID, &amp;quot;exampleId&amp;quot;)))\n        &amp;gt;&amp;gt;&amp;gt; print(element.text)\n        &amp;quot;&amp;quot;&amp;quot;\n        screen = None\n        stacktrace = None\n    \n        end_time = time.monotonic() + self._timeout\n        while True:\n            try:\n                value = method(self._driver)\n                if value:\n                    return value\n            except self._ignored_exceptions as exc:\n                screen = getattr(exc, &amp;quot;screen&amp;quot;, None)\n                stacktrace = getattr(exc, &amp;quot;stacktrace&amp;quot;, None)\n            if time.monotonic() &amp;gt; end_time:\n                break\n            time.sleep(self._poll)\n&amp;gt;       raise TimeoutException(message, screen, stacktrace)\nE       selenium.common.exceptions.TimeoutException: Message:\n\n..\\..\\..\\AppData\\Local\\Programs\\Python\\Python313\\Lib\\site-packages\\selenium\\webdriver\\support\\wait.py:146: TimeoutException\n&#34;}], &#34;test.py::test_missing_title_field_validation&#34;: [{&#34;extras&#34;: [], &#34;result&#34;: &#34;Passed&#34;, &#34;testId&#34;: &#34;test.py::test_missing_title_field_validation&#34;, &#34;duration&#34;: &#34;00:00:11&#34;, &#34;resultsTableRow&#34;: [&#34;&lt;td class=\&#34;col-result\&#34;&gt;Passed&lt;/td&gt;&#34;, &#34;&lt;td class=\&#34;col-testId\&#34;&gt;test.py::test_missing_title_field_validation&lt;/td&gt;&#34;, &#34;&lt;td class=\&#34;col-duration\&#34;&gt;00:00:11&lt;/td&gt;&#34;, &#34;&lt;td class=\&#34;col-links\&#34;&gt;&lt;/td&gt;&#34;], &#34;log&#34;: &#34;No log output captured.&#34;}], &#34;test.py::test_missing_language_field_validation&#34;: [{&#34;extras&#34;: [], &#34;result&#34;: &#34;Passed&#34;, &#34;testId&#34;: &#34;test.py::test_missing_language_field_validation&#34;, &#34;duration&#34;: &#34;00:00:12&#34;, &#34;resultsTableRow&#34;: [&#34;&lt;td class=\&#34;col-result\&#34;&gt;Passed&lt;/td&gt;&#34;, &#34;&lt;td class=\&#34;col-testId\&#34;&gt;test.py::test_missing_language_field_validation&lt;/td&gt;&#34;, &#34;&lt;td class=\&#34;col-duration\&#34;&gt;00:00:12&lt;/td&gt;&#34;, &#34;&lt;td class=\&#34;col-links\&#34;&gt;&lt;/td&gt;&#34;], &#34;log&#34;: &#34;No log output captured.&#34;}], &#34;test.py::test_missing_code_field_validation&#34;: [{&#34;extras&#34;: [], &#34;result&#34;: &#34;Passed&#34;, &#34;testId&#34;: &#34;test.py::test_missing_code_field_validation&#34;, &#34;duration&#34;: &#34;00:00:11&#34;, &#34;resultsTableRow&#34;: [&#34;&lt;td class=\&#34;col-result\&#34;&gt;Passed&lt;/td&gt;&#34;, &#34;&lt;td class=\&#34;col-testId\&#34;&gt;test.py::test_missing_code_field_validation&lt;/td&gt;&#34;, &#34;&lt;td class=\&#34;col-duration\&#34;&gt;00:00:11&lt;/td&gt;&#34;, &#34;&lt;td class=\&#34;col-links\&#34;&gt;&lt;/td&gt;&#34;], &#34;log&#34;: &#34;No log output captured.&#34;}], &#34;test.py::test_public_code_snippet_visible_to_guests&#34;: [{&#34;extras&#34;: [], &#34;result&#34;: &#34;Passed&#34;, &#34;testId&#34;: &#34;test.py::test_public_code_snippet_visible_to_guests&#34;, &#34;duration&#34;: &#34;00:00:07&#34;, &#34;resultsTableRow&#34;: [&#34;&lt;td class=\&#34;col-result\&#34;&gt;Passed&lt;/td&gt;&#34;, &#34;&lt;td class=\&#34;col-testId\&#34;&gt;test.py::test_public_code_snippet_visible_to_guests&lt;/td&gt;&#34;, &#34;&lt;td class=\&#34;col-duration\&#34;&gt;00:00:07&lt;/td&gt;&#34;, &#34;&lt;td class=\&#34;col-links\&#34;&gt;&lt;/td&gt;&#34;], &#34;log&#34;: &#34;No log output captured.&#34;}], &#34;test.py::test_public_code_snippet_details_page_visbility_to_guests&#34;: [{&#34;extras&#34;: [], &#34;result&#34;: &#34;Passed&#34;, &#34;testId&#34;: &#34;test.py::test_public_code_snippet_details_page_visbility_to_guests&#34;, &#34;duration&#34;: &#34;00:00:06&#34;, &#34;resultsTableRow&#34;: [&#34;&lt;td class=\&#34;col-result\&#34;&gt;Passed&lt;/td&gt;&#34;, &#34;&lt;td class=\&#34;col-testId\&#34;&gt;test.py::test_public_code_snippet_details_page_visbility_to_guests&lt;/td&gt;&#34;, &#34;&lt;td class=\&#34;col-duration\&#34;&gt;00:00:06&lt;/td&gt;&#34;, &#34;&lt;td class=\&#34;col-links\&#34;&gt;&lt;/td&gt;&#34;], &#34;log&#34;: &#34;No log output captured.&#34;}], &#34;test.py::test_redirection_to_code_snippets_from_details&#34;: [{&#34;extras&#34;: [], &#34;result&#34;: &#34;Passed&#34;, &#34;testId&#34;: &#34;test.py::test_redirection_to_code_snippets_from_details&#34;, &#34;duration&#34;: &#34;00:00:07&#34;, &#34;resultsTableRow&#34;: [&#34;&lt;td class=\&#34;col-result\&#34;&gt;Passed&lt;/td&gt;&#34;, &#34;&lt;td class=\&#34;col-testId\&#34;&gt;test.py::test_redirection_to_code_snippets_from_details&lt;/td&gt;&#34;, &#34;&lt;td class=\&#34;col-duration\&#34;&gt;00:00:07&lt;/td&gt;&#34;, &#34;&lt;td class=\&#34;col-links\&#34;&gt;&lt;/td&gt;&#34;], &#34;log&#34;: &#34;No log output captured.&#34;}], &#34;test.py::test_guest_user_should_login_before_editing_code_snippet&#34;: [{&#34;extras&#34;: [], &#34;result&#34;: &#34;Passed&#34;, &#34;testId&#34;: &#34;test.py::test_guest_user_should_login_before_editing_code_snippet&#34;, &#34;duration&#34;: &#34;00:00:08&#34;, &#34;resultsTableRow&#34;: [&#34;&lt;td class=\&#34;col-result\&#34;&gt;Passed&lt;/td&gt;&#34;, &#34;&lt;td class=\&#34;col-testId\&#34;&gt;test.py::test_guest_user_should_login_before_editing_code_snippet&lt;/td&gt;&#34;, &#34;&lt;td class=\&#34;col-duration\&#34;&gt;00:00:08&lt;/td&gt;&#34;, &#34;&lt;td class=\&#34;col-links\&#34;&gt;&lt;/td&gt;&#34;], &#34;log&#34;: &#34;No log output captured.&#34;}], &#34;test.py::test_guest_user_should_login_before_deleting_code_snippet&#34;: [{&#34;extras&#34;: [], &#34;result&#34;: &#34;Passed&#34;, &#34;testId&#34;: &#34;test.py::test_guest_user_should_login_before_deleting_code_snippet&#34;, &#34;duration&#34;: &#34;00:00:07&#34;, &#34;resultsTableRow&#34;: [&#34;&lt;td class=\&#34;col-result\&#34;&gt;Passed&lt;/td&gt;&#34;, &#34;&lt;td class=\&#34;col-testId\&#34;&gt;test.py::test_guest_user_should_login_before_deleting_code_snippet&lt;/td&gt;&#34;, &#34;&lt;td class=\&#34;col-duration\&#34;&gt;00:00:07&lt;/td&gt;&#34;, &#34;&lt;td class=\&#34;col-links\&#34;&gt;&lt;/td&gt;&#34;], &#34;log&#34;: &#34;No log output captured.&#34;}], &#34;test.py::test_logged_in_user_can_edit_their_code_snippet&#34;: [{&#34;extras&#34;: [], &#34;result&#34;: &#34;Passed&#34;, &#34;testId&#34;: &#34;test.py::test_logged_in_user_can_edit_their_code_snippet&#34;, &#34;duration&#34;: &#34;00:00:11&#34;, &#34;resultsTableRow&#34;: [&#34;&lt;td class=\&#34;col-result\&#34;&gt;Passed&lt;/td&gt;&#34;, &#34;&lt;td class=\&#34;col-testId\&#34;&gt;test.py::test_logged_in_user_can_edit_their_code_snippet&lt;/td&gt;&#34;, &#34;&lt;td class=\&#34;col-duration\&#34;&gt;00:00:11&lt;/td&gt;&#34;, &#34;&lt;td class=\&#34;col-links\&#34;&gt;&lt;/td&gt;&#34;], &#34;log&#34;: &#34;No log output captured.&#34;}], &#34;test.py::test_logged_in_user_can_delete_their_code_snippet&#34;: [{&#34;extras&#34;: [], &#34;result&#34;: &#34;Failed&#34;, &#34;testId&#34;: &#34;test.py::test_logged_in_user_can_delete_their_code_snippet&#34;, &#34;duration&#34;: &#34;00:00:10&#34;, &#34;resultsTableRow&#34;: [&#34;&lt;td class=\&#34;col-result\&#34;&gt;Failed&lt;/td&gt;&#34;, &#34;&lt;td class=\&#34;col-testId\&#34;&gt;test.py::test_logged_in_user_can_delete_their_code_snippet&lt;/td&gt;&#34;, &#34;&lt;td class=\&#34;col-duration\&#34;&gt;00:00:10&lt;/td&gt;&#34;, &#34;&lt;td class=\&#34;col-links\&#34;&gt;&lt;/td&gt;&#34;], &#34;log&#34;: &#34;login_user = {&amp;#x27;code_snippet_card&amp;#x27;: &amp;lt;pages.code_snippet_card_page.Code_Snippet_Card_Page object at 0x000001C6646E6E70&amp;gt;, &amp;#x27;driver&amp;#x27;: &amp;lt;s...bject at 0x000001C6646E7770&amp;gt;, &amp;#x27;my_dashboard&amp;#x27;: &amp;lt;pages.my_dashboard.My_Dashboard_Page object at 0x000001C6648A0290&amp;gt;, ...}\n\n    def test_logged_in_user_can_delete_their_code_snippet(login_user):\n        navigation_page = login_user[&amp;#x27;navigation_page&amp;#x27;]\n        my_dashboard = login_user[&amp;#x27;my_dashboard&amp;#x27;]\n        new_code_snippet = login_user[&amp;#x27;new_code_snippet&amp;#x27;]\n        driver = login_user[&amp;#x27;driver&amp;#x27;]\n    \n        navigation_page.click_my_dashboard_link()\n        my_dashboard.click_delete_icon(0)\n    \n        alert = driver.switch_to.alert\n        alert.accept()\n    \n        expected_result = &amp;quot;Code snippet was successfully destroyed.&amp;quot;\n        actual_result = new_code_snippet.get_success_message()\n    \n&amp;gt;       assert actual_result == expected_result, f&amp;quot;Expected title &amp;#x27;{expected_result}&amp;#x27;, but got &amp;#x27;{actual_result}&amp;#x27;&amp;quot;\nE       AssertionError: Expected title &amp;#x27;Code snippet was successfully destroyed.&amp;#x27;, but got &amp;#x27;Signed in successfully.&amp;#x27;\nE       assert &amp;#x27;Signed in successfully.&amp;#x27; == &amp;#x27;Code snippet...ly destroyed.&amp;#x27;\nE         \nE         - Code snippet was successfully destroyed.\nE         + Signed in successfully.\n\ntest.py:572: AssertionError\n&#34;}], &#34;test.py::test_search_with_full_title_name&#34;: [{&#34;extras&#34;: [], &#34;result&#34;: &#34;Passed&#34;, &#34;testId&#34;: &#34;test.py::test_search_with_full_title_name&#34;, &#34;duration&#34;: &#34;00:00:13&#34;, &#34;resultsTableRow&#34;: [&#34;&lt;td class=\&#34;col-result\&#34;&gt;Passed&lt;/td&gt;&#34;, &#34;&lt;td class=\&#34;col-testId\&#34;&gt;test.py::test_search_with_full_title_name&lt;/td&gt;&#34;, &#34;&lt;td class=\&#34;col-duration\&#34;&gt;00:00:13&lt;/td&gt;&#34;, &#34;&lt;td class=\&#34;col-links\&#34;&gt;&lt;/td&gt;&#34;], &#34;log&#34;: &#34;No log output captured.&#34;}], &#34;test.py::test_search_with_partial_title_name&#34;: [{&#34;extras&#34;: [], &#34;result&#34;: &#34;Passed&#34;, &#34;testId&#34;: &#34;test.py::test_search_with_partial_title_name&#34;, &#34;duration&#34;: &#34;00:00:12&#34;, &#34;resultsTableRow&#34;: [&#34;&lt;td class=\&#34;col-result\&#34;&gt;Passed&lt;/td&gt;&#34;, &#34;&lt;td class=\&#34;col-testId\&#34;&gt;test.py::test_search_with_partial_title_name&lt;/td&gt;&#34;, &#34;&lt;td class=\&#34;col-duration\&#34;&gt;00:00:12&lt;/td&gt;&#34;, &#34;&lt;td class=\&#34;col-links\&#34;&gt;&lt;/td&gt;&#34;], &#34;log&#34;: &#34;No log output captured.&#34;}], &#34;test.py::test_search_with_code_snippet_description&#34;: [{&#34;extras&#34;: [], &#34;result&#34;: &#34;Passed&#34;, &#34;testId&#34;: &#34;test.py::test_search_with_code_snippet_description&#34;, &#34;duration&#34;: &#34;00:00:12&#34;, &#34;resultsTableRow&#34;: [&#34;&lt;td class=\&#34;col-result\&#34;&gt;Passed&lt;/td&gt;&#34;, &#34;&lt;td class=\&#34;col-testId\&#34;&gt;test.py::test_search_with_code_snippet_description&lt;/td&gt;&#34;, &#34;&lt;td class=\&#34;col-duration\&#34;&gt;00:00:12&lt;/td&gt;&#34;, &#34;&lt;td class=\&#34;col-links\&#34;&gt;&lt;/td&gt;&#34;], &#34;log&#34;: &#34;No log output captured.&#34;}], &#34;test.py::test_search_with_code_snippet_custom_tags&#34;: [{&#34;extras&#34;: [], &#34;result&#34;: &#34;Failed&#34;, &#34;testId&#34;: &#34;test.py::test_search_with_code_snippet_custom_tags&#34;, &#34;duration&#34;: &#34;00:00:12&#34;, &#34;resultsTableRow&#34;: [&#34;&lt;td class=\&#34;col-result\&#34;&gt;Failed&lt;/td&gt;&#34;, &#34;&lt;td class=\&#34;col-testId\&#34;&gt;test.py::test_search_with_code_snippet_custom_tags&lt;/td&gt;&#34;, &#34;&lt;td class=\&#34;col-duration\&#34;&gt;00:00:12&lt;/td&gt;&#34;, &#34;&lt;td class=\&#34;col-links\&#34;&gt;&lt;/td&gt;&#34;], &#34;log&#34;: &#34;login_user = {&amp;#x27;code_snippet_card&amp;#x27;: &amp;lt;pages.code_snippet_card_page.Code_Snippet_Card_Page object at 0x000001C6648A0230&amp;gt;, &amp;#x27;driver&amp;#x27;: &amp;lt;s...bject at 0x000001C66477C950&amp;gt;, &amp;#x27;my_dashboard&amp;#x27;: &amp;lt;pages.my_dashboard.My_Dashboard_Page object at 0x000001C66477F290&amp;gt;, ...}\n\n    def test_search_with_code_snippet_custom_tags(login_user):\n        navigation_page = login_user[&amp;#x27;navigation_page&amp;#x27;]\n        my_dashboard = login_user[&amp;#x27;my_dashboard&amp;#x27;]\n        driver = login_user[&amp;#x27;driver&amp;#x27;]\n    \n        title = data[&amp;quot;CodeSnippetCard&amp;quot;][&amp;quot;tags&amp;quot;]\n        navigation_page.click_my_dashboard_link()\n        my_dashboard.enter_title_in_search_bar(title)\n        time.sleep(2)\n        my_dashboard.click_apply_btn()\n    \n        expected_result = data[&amp;quot;CodeSnippetCard&amp;quot;][&amp;quot;snippet_with_tag_title&amp;quot;]\n        titles = my_dashboard.get_title_in_code_snippet_details_page()\n    \n        for title_actual in titles:\n            title_content = driver.execute_script(&amp;quot;return arguments[0].textContent;&amp;quot;, title_actual)\n&amp;gt;           assert title_content == expected_result, f&amp;quot;Expected title &amp;#x27;{expected_result}&amp;#x27;, but got &amp;#x27;{title_content}&amp;#x27;&amp;quot;\nE           AssertionError: Expected title &amp;#x27;Code snippet with tags&amp;#x27;, but got &amp;#x27;My First Code Snippet&amp;#x27;\nE           assert &amp;#x27;My First Code Snippet&amp;#x27; == &amp;#x27;Code snippet with tags&amp;#x27;\nE             \nE             - Code snippet with tags\nE             + My First Code Snippet\n\ntest.py:662: AssertionError\n&#34;}], &#34;test.py::test_search_with_code_snippet_code_content&#34;: [{&#34;extras&#34;: [], &#34;result&#34;: &#34;Failed&#34;, &#34;testId&#34;: &#34;test.py::test_search_with_code_snippet_code_content&#34;, &#34;duration&#34;: &#34;00:00:20&#34;, &#34;resultsTableRow&#34;: [&#34;&lt;td class=\&#34;col-result\&#34;&gt;Failed&lt;/td&gt;&#34;, &#34;&lt;td class=\&#34;col-testId\&#34;&gt;test.py::test_search_with_code_snippet_code_content&lt;/td&gt;&#34;, &#34;&lt;td class=\&#34;col-duration\&#34;&gt;00:00:20&lt;/td&gt;&#34;, &#34;&lt;td class=\&#34;col-links\&#34;&gt;&lt;/td&gt;&#34;], &#34;log&#34;: &#34;login_user = {&amp;#x27;code_snippet_card&amp;#x27;: &amp;lt;pages.code_snippet_card_page.Code_Snippet_Card_Page object at 0x000001C6648A2E10&amp;gt;, &amp;#x27;driver&amp;#x27;: &amp;lt;s...bject at 0x000001C66477D850&amp;gt;, &amp;#x27;my_dashboard&amp;#x27;: &amp;lt;pages.my_dashboard.My_Dashboard_Page object at 0x000001C66477C890&amp;gt;, ...}\n\n    def test_search_with_code_snippet_code_content(login_user):\n        navigation_page = login_user[&amp;#x27;navigation_page&amp;#x27;]\n        my_dashboard = login_user[&amp;#x27;my_dashboard&amp;#x27;]\n        driver = login_user[&amp;#x27;driver&amp;#x27;]\n    \n        title = data[&amp;quot;CodeSnippetCard&amp;quot;][&amp;quot;code_content&amp;quot;]\n        navigation_page.click_my_dashboard_link()\n        my_dashboard.enter_title_in_search_bar(title)\n        time.sleep(2)\n        my_dashboard.click_apply_btn()\n    \n        expected_result = data[&amp;quot;CodeSnippetCard&amp;quot;][&amp;quot;snippet_with_tag_title&amp;quot;]\n        titles = my_dashboard.get_title_in_code_snippet_details_page()\n    \n        for title_actual in titles:\n            title_content = driver.execute_script(&amp;quot;return arguments[0].textContent;&amp;quot;, title_actual)\n&amp;gt;           assert title_content == expected_result, f&amp;quot;Expected title &amp;#x27;{expected_result}&amp;#x27;, but got &amp;#x27;{title_content}&amp;#x27;&amp;quot;\nE           AssertionError: Expected title &amp;#x27;Code snippet with tags&amp;#x27;, but got &amp;#x27;My First Code Snippet&amp;#x27;\nE           assert &amp;#x27;My First Code Snippet&amp;#x27; == &amp;#x27;Code snippet with tags&amp;#x27;\nE             \nE             - Code snippet with tags\nE             + My First Code Snippet\n\ntest.py:680: AssertionError\n&#34;}], &#34;test.py::test_a_user_cannot_edit_code_snippet_created_by_other_users&#34;: [{&#34;extras&#34;: [], &#34;result&#34;: &#34;Passed&#34;, &#34;testId&#34;: &#34;test.py::test_a_user_cannot_edit_code_snippet_created_by_other_users&#34;, &#34;duration&#34;: &#34;00:00:13&#34;, &#34;resultsTableRow&#34;: [&#34;&lt;td class=\&#34;col-result\&#34;&gt;Passed&lt;/td&gt;&#34;, &#34;&lt;td class=\&#34;col-testId\&#34;&gt;test.py::test_a_user_cannot_edit_code_snippet_created_by_other_users&lt;/td&gt;&#34;, &#34;&lt;td class=\&#34;col-duration\&#34;&gt;00:00:13&lt;/td&gt;&#34;, &#34;&lt;td class=\&#34;col-links\&#34;&gt;&lt;/td&gt;&#34;], &#34;log&#34;: &#34;No log output captured.&#34;}], &#34;test.py::test_a_user_cannot_delete_code_snippet_created_by_other_users&#34;: [{&#34;extras&#34;: [], &#34;result&#34;: &#34;Passed&#34;, &#34;testId&#34;: &#34;test.py::test_a_user_cannot_delete_code_snippet_created_by_other_users&#34;, &#34;duration&#34;: &#34;00:00:12&#34;, &#34;resultsTableRow&#34;: [&#34;&lt;td class=\&#34;col-result\&#34;&gt;Passed&lt;/td&gt;&#34;, &#34;&lt;td class=\&#34;col-testId\&#34;&gt;test.py::test_a_user_cannot_delete_code_snippet_created_by_other_users&lt;/td&gt;&#34;, &#34;&lt;td class=\&#34;col-duration\&#34;&gt;00:00:12&lt;/td&gt;&#34;, &#34;&lt;td class=\&#34;col-links\&#34;&gt;&lt;/td&gt;&#34;], &#34;log&#34;: &#34;No log output captured.&#34;}], &#34;test.py::test_user_can_create_multiple_code_snippet_with_same_title&#34;: [{&#34;extras&#34;: [], &#34;result&#34;: &#34;Failed&#34;, &#34;testId&#34;: &#34;test.py::test_user_can_create_multiple_code_snippet_with_same_title&#34;, &#34;duration&#34;: &#34;00:00:17&#34;, &#34;resultsTableRow&#34;: [&#34;&lt;td class=\&#34;col-result\&#34;&gt;Failed&lt;/td&gt;&#34;, &#34;&lt;td class=\&#34;col-testId\&#34;&gt;test.py::test_user_can_create_multiple_code_snippet_with_same_title&lt;/td&gt;&#34;, &#34;&lt;td class=\&#34;col-duration\&#34;&gt;00:00:17&lt;/td&gt;&#34;, &#34;&lt;td class=\&#34;col-links\&#34;&gt;&lt;/td&gt;&#34;], &#34;log&#34;: &#34;login_user = {&amp;#x27;code_snippet_card&amp;#x27;: &amp;lt;pages.code_snippet_card_page.Code_Snippet_Card_Page object at 0x000001C66477E9F0&amp;gt;, &amp;#x27;driver&amp;#x27;: &amp;lt;s...bject at 0x000001C66477FD70&amp;gt;, &amp;#x27;my_dashboard&amp;#x27;: &amp;lt;pages.my_dashboard.My_Dashboard_Page object at 0x000001C66477EBD0&amp;gt;, ...}\n\n    def test_user_can_create_multiple_code_snippet_with_same_title(login_user):\n        # Extracting page objects\n        navigation_page = login_user[&amp;#x27;navigation_page&amp;#x27;]\n        new_code_snippet_page = login_user[&amp;#x27;new_code_snippet&amp;#x27;]\n    \n        title = data[&amp;quot;snippets&amp;quot;][&amp;quot;JavaScript&amp;quot;][&amp;quot;title&amp;quot;]\n        language = data[&amp;quot;snippets&amp;quot;][&amp;quot;JavaScript&amp;quot;][&amp;quot;language&amp;quot;]\n        description = data[&amp;quot;snippets&amp;quot;][&amp;quot;JavaScript&amp;quot;][&amp;quot;description&amp;quot;]\n        code = data[&amp;quot;snippets&amp;quot;][&amp;quot;JavaScript&amp;quot;][&amp;quot;code&amp;quot;]\n    \n        navigation_page.click_code_snippets_link()\n        new_code_snippet_page.click_new_code_snippet_link()\n    \n        # Fill the form with data\n        new_code_snippet_page.input_title(title)\n        new_code_snippet_page.select_language(language)\n        new_code_snippet_page.input_description(description)\n        new_code_snippet_page.input_code(code)\n        new_code_snippet_page.toggle_private_checkbox(should_check=True)\n&amp;gt;       new_code_snippet_page.select_tag(data[&amp;quot;CodeSnippetCard&amp;quot;][&amp;quot;tags&amp;quot;])\n\ntest.py:727: \n_ _ _ _ _ _ _ _ _ _ _ _ _ _ _ _ _ _ _ _ _ _ _ _ _ _ _ _ _ _ _ _ _ _ _ _ _ _ _ _ _ _ _ _ _ _ _ _ _ _ _ _ _ _ _ _ _ _ _ _ _ _ _ _ _\npages\\new_code_snippet_form_page.py:58: in select_tag\n    tag_checkbox = self.wait.until(EC.presence_of_element_located(tag_checkbox_locator))\n_ _ _ _ _ _ _ _ _ _ _ _ _ _ _ _ _ _ _ _ _ _ _ _ _ _ _ _ _ _ _ _ _ _ _ _ _ _ _ _ _ _ _ _ _ _ _ _ _ _ _ _ _ _ _ _ _ _ _ _ _ _ _ _ _\n\nself = &amp;lt;selenium.webdriver.support.wait.WebDriverWait (session=&amp;quot;bfd5b3a8216b24b32ce266003828723d&amp;quot;)&amp;gt;\nmethod = &amp;lt;function presence_of_element_located.&amp;lt;locals&amp;gt;._predicate at 0x000001C664702F20&amp;gt;, message = &amp;#x27;&amp;#x27;\n\n    def until(self, method: Callable[[D], Union[Literal[False], T]], message: str = &amp;quot;&amp;quot;) -&amp;gt; T:\n        &amp;quot;&amp;quot;&amp;quot;Wait until the method returns a value that is not False.\n    \n        Calls the method provided with the driver as an argument until the\n        return value does not evaluate to ``False``.\n    \n        Parameters:\n        ----------\n        method: callable(WebDriver)\n            - A callable object that takes a WebDriver instance as an argument.\n    \n        message: str\n            - Optional message for :exc:`TimeoutException`\n    \n        Return:\n        -------\n        object: T\n            - The result of the last call to `method`\n    \n        Raises:\n        -------\n        TimeoutException\n            - If &amp;#x27;method&amp;#x27; does not return a truthy value within the WebDriverWait\n            object&amp;#x27;s timeout\n    \n        Example:\n        --------\n        &amp;gt;&amp;gt;&amp;gt; from selenium.webdriver.common.by import By\n        &amp;gt;&amp;gt;&amp;gt; from selenium.webdriver.support.ui import WebDriverWait\n        &amp;gt;&amp;gt;&amp;gt; from selenium.webdriver.support import expected_conditions as EC\n    \n        # Wait until an element is visible on the page\n        &amp;gt;&amp;gt;&amp;gt; wait = WebDriverWait(driver, 10)\n        &amp;gt;&amp;gt;&amp;gt; element = wait.until(EC.visibility_of_element_located((By.ID, &amp;quot;exampleId&amp;quot;)))\n        &amp;gt;&amp;gt;&amp;gt; print(element.text)\n        &amp;quot;&amp;quot;&amp;quot;\n        screen = None\n        stacktrace = None\n    \n        end_time = time.monotonic() + self._timeout\n        while True:\n            try:\n                value = method(self._driver)\n                if value:\n                    return value\n            except self._ignored_exceptions as exc:\n                screen = getattr(exc, &amp;quot;screen&amp;quot;, None)\n                stacktrace = getattr(exc, &amp;quot;stacktrace&amp;quot;, None)\n            if time.monotonic() &amp;gt; end_time:\n                break\n            time.sleep(self._poll)\n&amp;gt;       raise TimeoutException(message, screen, stacktrace)\nE       selenium.common.exceptions.TimeoutException: Message: \nE       Stacktrace:\nE       \tGetHandleVerifier [0x00007FF6E3CAEFA5+77893]\nE       \tGetHandleVerifier [0x00007FF6E3CAF000+77984]\nE       \t(No symbol) [0x00007FF6E3A791BA]\nE       \t(No symbol) [0x00007FF6E3ACF16D]\nE       \t(No symbol) [0x00007FF6E3ACF41C]\nE       \t(No symbol) [0x00007FF6E3B22237]\nE       \t(No symbol) [0x00007FF6E3AF716F]\nE       \t(No symbol) [0x00007FF6E3B1F07F]\nE       \t(No symbol) [0x00007FF6E3AF6F03]\nE       \t(No symbol) [0x00007FF6E3AC0328]\nE       \t(No symbol) [0x00007FF6E3AC1093]\nE       \tGetHandleVerifier [0x00007FF6E3F67B6D+2931725]\nE       \tGetHandleVerifier [0x00007FF6E3F62132+2908626]\nE       \tGetHandleVerifier [0x00007FF6E3F800F3+3031443]\nE       \tGetHandleVerifier [0x00007FF6E3CC91EA+184970]\nE       \tGetHandleVerifier [0x00007FF6E3CD086F+215311]\nE       \tGetHandleVerifier [0x00007FF6E3CB6EC4+110436]\nE       \tGetHandleVerifier [0x00007FF6E3CB7072+110866]\nE       \tGetHandleVerifier [0x00007FF6E3C9D479+5401]\nE       \tBaseThreadInitThunk [0x00007FF8F60D7374+20]\nE       \tRtlUserThreadStart [0x00007FF8F72DCC91+33]\n\n..\\..\\..\\AppData\\Local\\Programs\\Python\\Python313\\Lib\\site-packages\\selenium\\webdriver\\support\\wait.py:146: TimeoutException\n&#34;}], &#34;test.py::test_guest_user_can_view_tags_page&#34;: [{&#34;extras&#34;: [], &#34;result&#34;: &#34;Passed&#34;, &#34;testId&#34;: &#34;test.py::test_guest_user_can_view_tags_page&#34;, &#34;duration&#34;: &#34;00:00:08&#34;, &#34;resultsTableRow&#34;: [&#34;&lt;td class=\&#34;col-result\&#34;&gt;Passed&lt;/td&gt;&#34;, &#34;&lt;td class=\&#34;col-testId\&#34;&gt;test.py::test_guest_user_can_view_tags_page&lt;/td&gt;&#34;, &#34;&lt;td class=\&#34;col-duration\&#34;&gt;00:00:08&lt;/td&gt;&#34;, &#34;&lt;td class=\&#34;col-links\&#34;&gt;&lt;/td&gt;&#34;], &#34;log&#34;: &#34;No log output captured.&#34;}], &#34;test.py::test_only_logged_in_users_can_create_new_tags&#34;: [{&#34;extras&#34;: [], &#34;result&#34;: &#34;Failed&#34;, &#34;testId&#34;: &#34;test.py::test_only_logged_in_users_can_create_new_tags&#34;, &#34;duration&#34;: &#34;00:00:13&#34;, &#34;resultsTableRow&#34;: [&#34;&lt;td class=\&#34;col-result\&#34;&gt;Failed&lt;/td&gt;&#34;, &#34;&lt;td class=\&#34;col-testId\&#34;&gt;test.py::test_only_logged_in_users_can_create_new_tags&lt;/td&gt;&#34;, &#34;&lt;td class=\&#34;col-duration\&#34;&gt;00:00:13&lt;/td&gt;&#34;, &#34;&lt;td class=\&#34;col-links\&#34;&gt;&lt;/td&gt;&#34;], &#34;log&#34;: &#34;setUp = {&amp;#x27;code_snippet_card&amp;#x27;: &amp;lt;pages.code_snippet_card_page.Code_Snippet_Card_Page object at 0x000001C66469C9B0&amp;gt;, &amp;#x27;driver&amp;#x27;: &amp;lt;s...bject at 0x000001C66469EAB0&amp;gt;, &amp;#x27;my_dashboard&amp;#x27;: &amp;lt;pages.my_dashboard.My_Dashboard_Page object at 0x000001C66469E5D0&amp;gt;, ...}\n\n    def test_only_logged_in_users_can_create_new_tags(setUp):\n        navigation_page : Navigation_Bar_Page = setUp[&amp;#x27;navigation_page&amp;#x27;]\n        tag_page : Tags_Page = setUp[&amp;#x27;tags_page&amp;#x27;]\n        code_snippet_card : Code_Snippet_Card_Page = setUp[&amp;#x27;code_snippet_card&amp;#x27;]\n    \n    \n        navigation_page.click_Tags_link()\n        time.sleep(2)\n        tag_page.click_new_tag_btn()\n    \n        expected_result = data[&amp;quot;errors&amp;quot;][&amp;quot;not_logged_in_error&amp;quot;]\n    \n        try:\n&amp;gt;           actual_result = code_snippet_card.get_permission_denied_msg()\n\ntest.py:769: \n_ _ _ _ _ _ _ _ _ _ _ _ _ _ _ _ _ _ _ _ _ _ _ _ _ _ _ _ _ _ _ _ _ _ _ _ _ _ _ _ _ _ _ _ _ _ _ _ _ _ _ _ _ _ _ _ _ _ _ _ _ _ _ _ _\npages\\code_snippet_card_page.py:42: in get_permission_denied_msg\n    error_msg = self.wait.until(EC.presence_of_element_located(Locators.PERMISSION_ERROR))\n_ _ _ _ _ _ _ _ _ _ _ _ _ _ _ _ _ _ _ _ _ _ _ _ _ _ _ _ _ _ _ _ _ _ _ _ _ _ _ _ _ _ _ _ _ _ _ _ _ _ _ _ _ _ _ _ _ _ _ _ _ _ _ _ _\n\nself = &amp;lt;selenium.webdriver.support.wait.WebDriverWait (session=&amp;quot;fe8992977d8b46bb35270d570ad88f0f&amp;quot;)&amp;gt;\nmethod = &amp;lt;function presence_of_element_located.&amp;lt;locals&amp;gt;._predicate at 0x000001C664703D80&amp;gt;, message = &amp;#x27;&amp;#x27;\n\n    def until(self, method: Callable[[D], Union[Literal[False], T]], message: str = &amp;quot;&amp;quot;) -&amp;gt; T:\n        &amp;quot;&amp;quot;&amp;quot;Wait until the method returns a value that is not False.\n    \n        Calls the method provided with the driver as an argument until the\n        return value does not evaluate to ``False``.\n    \n        Parameters:\n        ----------\n        method: callable(WebDriver)\n            - A callable object that takes a WebDriver instance as an argument.\n    \n        message: str\n            - Optional message for :exc:`TimeoutException`\n    \n        Return:\n        -------\n        object: T\n            - The result of the last call to `method`\n    \n        Raises:\n        -------\n        TimeoutException\n            - If &amp;#x27;method&amp;#x27; does not return a truthy value within the WebDriverWait\n            object&amp;#x27;s timeout\n    \n        Example:\n        --------\n        &amp;gt;&amp;gt;&amp;gt; from selenium.webdriver.common.by import By\n        &amp;gt;&amp;gt;&amp;gt; from selenium.webdriver.support.ui import WebDriverWait\n        &amp;gt;&amp;gt;&amp;gt; from selenium.webdriver.support import expected_conditions as EC\n    \n        # Wait until an element is visible on the page\n        &amp;gt;&amp;gt;&amp;gt; wait = WebDriverWait(driver, 10)\n        &amp;gt;&amp;gt;&amp;gt; element = wait.until(EC.visibility_of_element_located((By.ID, &amp;quot;exampleId&amp;quot;)))\n        &amp;gt;&amp;gt;&amp;gt; print(element.text)\n        &amp;quot;&amp;quot;&amp;quot;\n        screen = None\n        stacktrace = None\n    \n        end_time = time.monotonic() + self._timeout\n        while True:\n            try:\n                value = method(self._driver)\n                if value:\n                    return value\n            except self._ignored_exceptions as exc:\n                screen = getattr(exc, &amp;quot;screen&amp;quot;, None)\n                stacktrace = getattr(exc, &amp;quot;stacktrace&amp;quot;, None)\n            if time.monotonic() &amp;gt; end_time:\n                break\n            time.sleep(self._poll)\n&amp;gt;       raise TimeoutException(message, screen, stacktrace)\nE       selenium.common.exceptions.TimeoutException: Message: \nE       Stacktrace:\nE       \tGetHandleVerifier [0x00007FF6E3CAEFA5+77893]\nE       \tGetHandleVerifier [0x00007FF6E3CAF000+77984]\nE       \t(No symbol) [0x00007FF6E3A791BA]\nE       \t(No symbol) [0x00007FF6E3ACF16D]\nE       \t(No symbol) [0x00007FF6E3ACF41C]\nE       \t(No symbol) [0x00007FF6E3B22237]\nE       \t(No symbol) [0x00007FF6E3AF716F]\nE       \t(No symbol) [0x00007FF6E3B1F07F]\nE       \t(No symbol) [0x00007FF6E3AF6F03]\nE       \t(No symbol) [0x00007FF6E3AC0328]\nE       \t(No symbol) [0x00007FF6E3AC1093]\nE       \tGetHandleVerifier [0x00007FF6E3F67B6D+2931725]\nE       \tGetHandleVerifier [0x00007FF6E3F62132+2908626]\nE       \tGetHandleVerifier [0x00007FF6E3F800F3+3031443]\nE       \tGetHandleVerifier [0x00007FF6E3CC91EA+184970]\nE       \tGetHandleVerifier [0x00007FF6E3CD086F+215311]\nE       \tGetHandleVerifier [0x00007FF6E3CB6EC4+110436]\nE       \tGetHandleVerifier [0x00007FF6E3CB7072+110866]\nE       \tGetHandleVerifier [0x00007FF6E3C9D479+5401]\nE       \tBaseThreadInitThunk [0x00007FF8F60D7374+20]\nE       \tRtlUserThreadStart [0x00007FF8F72DCC91+33]\n\n..\\..\\..\\AppData\\Local\\Programs\\Python\\Python313\\Lib\\site-packages\\selenium\\webdriver\\support\\wait.py:146: TimeoutException\n\nDuring handling of the above exception, another exception occurred:\n\nsetUp = {&amp;#x27;code_snippet_card&amp;#x27;: &amp;lt;pages.code_snippet_card_page.Code_Snippet_Card_Page object at 0x000001C66469C9B0&amp;gt;, &amp;#x27;driver&amp;#x27;: &amp;lt;s...bject at 0x000001C66469EAB0&amp;gt;, &amp;#x27;my_dashboard&amp;#x27;: &amp;lt;pages.my_dashboard.My_Dashboard_Page object at 0x000001C66469E5D0&amp;gt;, ...}\n\n    def test_only_logged_in_users_can_create_new_tags(setUp):\n        navigation_page : Navigation_Bar_Page = setUp[&amp;#x27;navigation_page&amp;#x27;]\n        tag_page : Tags_Page = setUp[&amp;#x27;tags_page&amp;#x27;]\n        code_snippet_card : Code_Snippet_Card_Page = setUp[&amp;#x27;code_snippet_card&amp;#x27;]\n    \n    \n        navigation_page.click_Tags_link()\n        time.sleep(2)\n        tag_page.click_new_tag_btn()\n    \n        expected_result = data[&amp;quot;errors&amp;quot;][&amp;quot;not_logged_in_error&amp;quot;]\n    \n        try:\n            actual_result = code_snippet_card.get_permission_denied_msg()\n            assert expected_result == actual_result, f&amp;quot;Expected success message, but got different result.&amp;quot;\n        except TimeoutException as e:\n&amp;gt;           pytest.fail(&amp;quot;The permission denied msg is not found because the guest user is allowed to create new tag.&amp;quot;)\nE           Failed: The permission denied msg is not found because the guest user is allowed to create new tag.\n\ntest.py:772: Failed\n&#34;}], &#34;test.py::test_user_can_view_code_snippets_filtered_by_tags&#34;: [{&#34;extras&#34;: [], &#34;result&#34;: &#34;Failed&#34;, &#34;testId&#34;: &#34;test.py::test_user_can_view_code_snippets_filtered_by_tags&#34;, &#34;duration&#34;: &#34;00:00:10&#34;, &#34;resultsTableRow&#34;: [&#34;&lt;td class=\&#34;col-result\&#34;&gt;Failed&lt;/td&gt;&#34;, &#34;&lt;td class=\&#34;col-testId\&#34;&gt;test.py::test_user_can_view_code_snippets_filtered_by_tags&lt;/td&gt;&#34;, &#34;&lt;td class=\&#34;col-duration\&#34;&gt;00:00:10&lt;/td&gt;&#34;, &#34;&lt;td class=\&#34;col-links\&#34;&gt;&lt;/td&gt;&#34;], &#34;log&#34;: &#34;setUp = {&amp;#x27;code_snippet_card&amp;#x27;: &amp;lt;pages.code_snippet_card_page.Code_Snippet_Card_Page object at 0x000001C6646E7B30&amp;gt;, &amp;#x27;driver&amp;#x27;: &amp;lt;s...bject at 0x000001C6646E6CF0&amp;gt;, &amp;#x27;my_dashboard&amp;#x27;: &amp;lt;pages.my_dashboard.My_Dashboard_Page object at 0x000001C66469E330&amp;gt;, ...}\n\n    def test_user_can_view_code_snippets_filtered_by_tags(setUp):\n        navigation_page : Navigation_Bar_Page = setUp[&amp;#x27;navigation_page&amp;#x27;]\n        tag_page : Tags_Page = setUp[&amp;#x27;tags_page&amp;#x27;]\n    \n        navigation_page.click_Tags_link()\n        time.sleep(2)\n        tag_page.click_view_tag_link(data[&amp;quot;tags&amp;quot;][&amp;quot;tag_name&amp;quot;])\n        time.sleep(2)\n        actual_result = tag_page.get_h1_title_of_tags_page()\n        expected_result = &amp;quot;Tag: Edited Tagg&amp;quot;\n    \n&amp;gt;       assert expected_result == actual_result, f&amp;quot;Expected success message, but got different result.&amp;quot;\nE       AssertionError: Expected success message, but got different result.\nE       assert &amp;#x27;Tag: Edited Tagg&amp;#x27; == &amp;#x27;Tag: first Tag&amp;#x27;\nE         \nE         - Tag: first Tag\nE         + Tag: Edited Tagg\n\ntest.py:785: AssertionError\n&#34;}], &#34;test.py::test_only_logged_in_users_can_edit_tags&#34;: [{&#34;extras&#34;: [], &#34;result&#34;: &#34;Failed&#34;, &#34;testId&#34;: &#34;test.py::test_only_logged_in_users_can_edit_tags&#34;, &#34;duration&#34;: &#34;00:00:13&#34;, &#34;resultsTableRow&#34;: [&#34;&lt;td class=\&#34;col-result\&#34;&gt;Failed&lt;/td&gt;&#34;, &#34;&lt;td class=\&#34;col-testId\&#34;&gt;test.py::test_only_logged_in_users_can_edit_tags&lt;/td&gt;&#34;, &#34;&lt;td class=\&#34;col-duration\&#34;&gt;00:00:13&lt;/td&gt;&#34;, &#34;&lt;td class=\&#34;col-links\&#34;&gt;&lt;/td&gt;&#34;], &#34;log&#34;: &#34;setUp = {&amp;#x27;code_snippet_card&amp;#x27;: &amp;lt;pages.code_snippet_card_page.Code_Snippet_Card_Page object at 0x000001C6646E6510&amp;gt;, &amp;#x27;driver&amp;#x27;: &amp;lt;s...bject at 0x000001C6646E6F90&amp;gt;, &amp;#x27;my_dashboard&amp;#x27;: &amp;lt;pages.my_dashboard.My_Dashboard_Page object at 0x000001C6646E4890&amp;gt;, ...}\n\n    def test_only_logged_in_users_can_edit_tags(setUp):\n        navigation_page : Navigation_Bar_Page = setUp[&amp;#x27;navigation_page&amp;#x27;]\n        tag_page : Tags_Page = setUp[&amp;#x27;tags_page&amp;#x27;]\n        code_snippet_card : Code_Snippet_Card_Page = setUp[&amp;#x27;code_snippet_card&amp;#x27;]\n    \n    \n        navigation_page.click_Tags_link()\n        time.sleep(2)\n        tag_page.click_edit_tag_link(data[&amp;quot;tags&amp;quot;][&amp;quot;tag_name&amp;quot;])\n    \n        expected_result = data[&amp;quot;errors&amp;quot;][&amp;quot;not_logged_in_error&amp;quot;]\n    \n        try:\n&amp;gt;           actual_result = code_snippet_card.get_permission_denied_msg()\n\ntest.py:800: \n_ _ _ _ _ _ _ _ _ _ _ _ _ _ _ _ _ _ _ _ _ _ _ _ _ _ _ _ _ _ _ _ _ _ _ _ _ _ _ _ _ _ _ _ _ _ _ _ _ _ _ _ _ _ _ _ _ _ _ _ _ _ _ _ _\npages\\code_snippet_card_page.py:42: in get_permission_denied_msg\n    error_msg = self.wait.until(EC.presence_of_element_located(Locators.PERMISSION_ERROR))\n_ _ _ _ _ _ _ _ _ _ _ _ _ _ _ _ _ _ _ _ _ _ _ _ _ _ _ _ _ _ _ _ _ _ _ _ _ _ _ _ _ _ _ _ _ _ _ _ _ _ _ _ _ _ _ _ _ _ _ _ _ _ _ _ _\n\nself = &amp;lt;selenium.webdriver.support.wait.WebDriverWait (session=&amp;quot;7ddceaa7af1c1a3c324e4377e8e5442d&amp;quot;)&amp;gt;\nmethod = &amp;lt;function presence_of_element_located.&amp;lt;locals&amp;gt;._predicate at 0x000001C6648CC5E0&amp;gt;, message = &amp;#x27;&amp;#x27;\n\n    def until(self, method: Callable[[D], Union[Literal[False], T]], message: str = &amp;quot;&amp;quot;) -&amp;gt; T:\n        &amp;quot;&amp;quot;&amp;quot;Wait until the method returns a value that is not False.\n    \n        Calls the method provided with the driver as an argument until the\n        return value does not evaluate to ``False``.\n    \n        Parameters:\n        ----------\n        method: callable(WebDriver)\n            - A callable object that takes a WebDriver instance as an argument.\n    \n        message: str\n            - Optional message for :exc:`TimeoutException`\n    \n        Return:\n        -------\n        object: T\n            - The result of the last call to `method`\n    \n        Raises:\n        -------\n        TimeoutException\n            - If &amp;#x27;method&amp;#x27; does not return a truthy value within the WebDriverWait\n            object&amp;#x27;s timeout\n    \n        Example:\n        --------\n        &amp;gt;&amp;gt;&amp;gt; from selenium.webdriver.common.by import By\n        &amp;gt;&amp;gt;&amp;gt; from selenium.webdriver.support.ui import WebDriverWait\n        &amp;gt;&amp;gt;&amp;gt; from selenium.webdriver.support import expected_conditions as EC\n    \n        # Wait until an element is visible on the page\n        &amp;gt;&amp;gt;&amp;gt; wait = WebDriverWait(driver, 10)\n        &amp;gt;&amp;gt;&amp;gt; element = wait.until(EC.visibility_of_element_located((By.ID, &amp;quot;exampleId&amp;quot;)))\n        &amp;gt;&amp;gt;&amp;gt; print(element.text)\n        &amp;quot;&amp;quot;&amp;quot;\n        screen = None\n        stacktrace = None\n    \n        end_time = time.monotonic() + self._timeout\n        while True:\n            try:\n                value = method(self._driver)\n                if value:\n                    return value\n            except self._ignored_exceptions as exc:\n                screen = getattr(exc, &amp;quot;screen&amp;quot;, None)\n                stacktrace = getattr(exc, &amp;quot;stacktrace&amp;quot;, None)\n            if time.monotonic() &amp;gt; end_time:\n                break\n            time.sleep(self._poll)\n&amp;gt;       raise TimeoutException(message, screen, stacktrace)\nE       selenium.common.exceptions.TimeoutException: Message: \nE       Stacktrace:\nE       \tGetHandleVerifier [0x00007FF6E3CAEFA5+77893]\nE       \tGetHandleVerifier [0x00007FF6E3CAF000+77984]\nE       \t(No symbol) [0x00007FF6E3A791BA]\nE       \t(No symbol) [0x00007FF6E3ACF16D]\nE       \t(No symbol) [0x00007FF6E3ACF41C]\nE       \t(No symbol) [0x00007FF6E3B22237]\nE       \t(No symbol) [0x00007FF6E3AF716F]\nE       \t(No symbol) [0x00007FF6E3B1F07F]\nE       \t(No symbol) [0x00007FF6E3AF6F03]\nE       \t(No symbol) [0x00007FF6E3AC0328]\nE       \t(No symbol) [0x00007FF6E3AC1093]\nE       \tGetHandleVerifier [0x00007FF6E3F67B6D+2931725]\nE       \tGetHandleVerifier [0x00007FF6E3F62132+2908626]\nE       \tGetHandleVerifier [0x00007FF6E3F800F3+3031443]\nE       \tGetHandleVerifier [0x00007FF6E3CC91EA+184970]\nE       \tGetHandleVerifier [0x00007FF6E3CD086F+215311]\nE       \tGetHandleVerifier [0x00007FF6E3CB6EC4+110436]\nE       \tGetHandleVerifier [0x00007FF6E3CB7072+110866]\nE       \tGetHandleVerifier [0x00007FF6E3C9D479+5401]\nE       \tBaseThreadInitThunk [0x00007FF8F60D7374+20]\nE       \tRtlUserThreadStart [0x00007FF8F72DCC91+33]\n\n..\\..\\..\\AppData\\Local\\Programs\\Python\\Python313\\Lib\\site-packages\\selenium\\webdriver\\support\\wait.py:146: TimeoutException\n\nDuring handling of the above exception, another exception occurred:\n\nsetUp = {&amp;#x27;code_snippet_card&amp;#x27;: &amp;lt;pages.code_snippet_card_page.Code_Snippet_Card_Page object at 0x000001C6646E6510&amp;gt;, &amp;#x27;driver&amp;#x27;: &amp;lt;s...bject at 0x000001C6646E6F90&amp;gt;, &amp;#x27;my_dashboard&amp;#x27;: &amp;lt;pages.my_dashboard.My_Dashboard_Page object at 0x000001C6646E4890&amp;gt;, ...}\n\n    def test_only_logged_in_users_can_edit_tags(setUp):\n        navigation_page : Navigation_Bar_Page = setUp[&amp;#x27;navigation_page&amp;#x27;]\n        tag_page : Tags_Page = setUp[&amp;#x27;tags_page&amp;#x27;]\n        code_snippet_card : Code_Snippet_Card_Page = setUp[&amp;#x27;code_snippet_card&amp;#x27;]\n    \n    \n        navigation_page.click_Tags_link()\n        time.sleep(2)\n        tag_page.click_edit_tag_link(data[&amp;quot;tags&amp;quot;][&amp;quot;tag_name&amp;quot;])\n    \n        expected_result = data[&amp;quot;errors&amp;quot;][&amp;quot;not_logged_in_error&amp;quot;]\n    \n        try:\n            actual_result = code_snippet_card.get_permission_denied_msg()\n            assert expected_result == actual_result, f&amp;quot;Expected success message, but got different result.&amp;quot;\n        except TimeoutException as e:\n&amp;gt;           pytest.fail(&amp;quot;The permission denied msg is not found because the guest user is allowed to edit new tag.&amp;quot;)\nE           Failed: The permission denied msg is not found because the guest user is allowed to edit new tag.\n\ntest.py:803: Failed\n&#34;}], &#34;test.py::test_only_logged_in_users_can_delete_tags&#34;: [{&#34;extras&#34;: [], &#34;result&#34;: &#34;Failed&#34;, &#34;testId&#34;: &#34;test.py::test_only_logged_in_users_can_delete_tags&#34;, &#34;duration&#34;: &#34;00:00:09&#34;, &#34;resultsTableRow&#34;: [&#34;&lt;td class=\&#34;col-result\&#34;&gt;Failed&lt;/td&gt;&#34;, &#34;&lt;td class=\&#34;col-testId\&#34;&gt;test.py::test_only_logged_in_users_can_delete_tags&lt;/td&gt;&#34;, &#34;&lt;td class=\&#34;col-duration\&#34;&gt;00:00:09&lt;/td&gt;&#34;, &#34;&lt;td class=\&#34;col-links\&#34;&gt;&lt;/td&gt;&#34;], &#34;log&#34;: &#34;setUp = {&amp;#x27;code_snippet_card&amp;#x27;: &amp;lt;pages.code_snippet_card_page.Code_Snippet_Card_Page object at 0x000001C66462BE30&amp;gt;, &amp;#x27;driver&amp;#x27;: &amp;lt;s...bject at 0x000001C66462BBF0&amp;gt;, &amp;#x27;my_dashboard&amp;#x27;: &amp;lt;pages.my_dashboard.My_Dashboard_Page object at 0x000001C6648D03B0&amp;gt;, ...}\n\n    def test_only_logged_in_users_can_delete_tags(setUp):\n        navigation_page : Navigation_Bar_Page = setUp[&amp;#x27;navigation_page&amp;#x27;]\n        tag_page : Tags_Page = setUp[&amp;#x27;tags_page&amp;#x27;]\n        code_snippet_card : Code_Snippet_Card_Page = setUp[&amp;#x27;code_snippet_card&amp;#x27;]\n    \n    \n        navigation_page.click_Tags_link()\n        time.sleep(2)\n        tag_page.click_delete_tag_link(data[&amp;quot;tags&amp;quot;][&amp;quot;tag_name&amp;quot;])\n    \n        expected_result = data[&amp;quot;errors&amp;quot;][&amp;quot;not_logged_in_error&amp;quot;]\n    \n        try:\n            actual_result = code_snippet_card.get_permission_denied_msg()\n&amp;gt;           assert expected_result == actual_result, f&amp;quot;Expected success message, but got different result.&amp;quot;\nE           AssertionError: Expected success message, but got different result.\nE           assert &amp;#x27;You need to ...e continuing.&amp;#x27; == &amp;#x27;Tag was succ...ly destroyed.&amp;#x27;\nE             \nE             - Tag was successfully destroyed.\nE             + You need to sign in or sign up before continuing.\n\ntest.py:819: AssertionError\n&#34;}]}, &#34;renderCollapsed&#34;: [&#34;passed&#34;], &#34;initialSort&#34;: &#34;result&#34;, &#34;title&#34;: &#34;report.html&#34;}"></div>
    <script>
      (function(){function r(e,n,t){function o(i,f){if(!n[i]){if(!e[i]){var c="function"==typeof require&&require;if(!f&&c)return c(i,!0);if(u)return u(i,!0);var a=new Error("Cannot find module '"+i+"'");throw a.code="MODULE_NOT_FOUND",a}var p=n[i]={exports:{}};e[i][0].call(p.exports,function(r){var n=e[i][1][r];return o(n||r)},p,p.exports,r,e,n,t)}return n[i].exports}for(var u="function"==typeof require&&require,i=0;i<t.length;i++)o(t[i]);return o}return r})()({1:[function(require,module,exports){
const { getCollapsedCategory, setCollapsedIds } = require('./storage.js')

class DataManager {
    setManager(data) {
        const collapsedCategories = [...getCollapsedCategory(data.renderCollapsed)]
        const collapsedIds = []
        const tests = Object.values(data.tests).flat().map((test, index) => {
            const collapsed = collapsedCategories.includes(test.result.toLowerCase())
            const id = `test_${index}`
            if (collapsed) {
                collapsedIds.push(id)
            }
            return {
                ...test,
                id,
                collapsed,
            }
        })
        const dataBlob = { ...data, tests }
        this.data = { ...dataBlob }
        this.renderData = { ...dataBlob }
        setCollapsedIds(collapsedIds)
    }

    get allData() {
        return { ...this.data }
    }

    resetRender() {
        this.renderData = { ...this.data }
    }

    setRender(data) {
        this.renderData.tests = [...data]
    }

    toggleCollapsedItem(id) {
        this.renderData.tests = this.renderData.tests.map((test) =>
            test.id === id ? { ...test, collapsed: !test.collapsed } : test,
        )
    }

    set allCollapsed(collapsed) {
        this.renderData = { ...this.renderData, tests: [...this.renderData.tests.map((test) => (
            { ...test, collapsed }
        ))] }
    }

    get testSubset() {
        return [...this.renderData.tests]
    }

    get environment() {
        return this.renderData.environment
    }

    get initialSort() {
        return this.data.initialSort
    }
}

module.exports = {
    manager: new DataManager(),
}

},{"./storage.js":8}],2:[function(require,module,exports){
const mediaViewer = require('./mediaviewer.js')
const templateEnvRow = document.getElementById('template_environment_row')
const templateResult = document.getElementById('template_results-table__tbody')

function htmlToElements(html) {
    const temp = document.createElement('template')
    temp.innerHTML = html
    return temp.content.childNodes
}

const find = (selector, elem) => {
    if (!elem) {
        elem = document
    }
    return elem.querySelector(selector)
}

const findAll = (selector, elem) => {
    if (!elem) {
        elem = document
    }
    return [...elem.querySelectorAll(selector)]
}

const dom = {
    getStaticRow: (key, value) => {
        const envRow = templateEnvRow.content.cloneNode(true)
        const isObj = typeof value === 'object' && value !== null
        const values = isObj ? Object.keys(value).map((k) => `${k}: ${value[k]}`) : null

        const valuesElement = htmlToElements(
            values ? `<ul>${values.map((val) => `<li>${val}</li>`).join('')}<ul>` : `<div>${value}</div>`)[0]
        const td = findAll('td', envRow)
        td[0].textContent = key
        td[1].appendChild(valuesElement)

        return envRow
    },
    getResultTBody: ({ testId, id, log, extras, resultsTableRow, tableHtml, result, collapsed }) => {
        const resultBody = templateResult.content.cloneNode(true)
        resultBody.querySelector('tbody').classList.add(result.toLowerCase())
        resultBody.querySelector('tbody').id = testId
        resultBody.querySelector('.collapsible').dataset.id = id

        resultsTableRow.forEach((html) => {
            const t = document.createElement('template')
            t.innerHTML = html
            resultBody.querySelector('.collapsible').appendChild(t.content)
        })

        if (log) {
            // Wrap lines starting with "E" with span.error to color those lines red
            const wrappedLog = log.replace(/^E.*$/gm, (match) => `<span class="error">${match}</span>`)
            resultBody.querySelector('.log').innerHTML = wrappedLog
        } else {
            resultBody.querySelector('.log').remove()
        }

        if (collapsed) {
            resultBody.querySelector('.collapsible > td')?.classList.add('collapsed')
            resultBody.querySelector('.extras-row').classList.add('hidden')
        } else {
            resultBody.querySelector('.collapsible > td')?.classList.remove('collapsed')
        }

        const media = []
        extras?.forEach(({ name, format_type, content }) => {
            if (['image', 'video'].includes(format_type)) {
                media.push({ path: content, name, format_type })
            }

            if (format_type === 'html') {
                resultBody.querySelector('.extraHTML').insertAdjacentHTML('beforeend', `<div>${content}</div>`)
            }
        })
        mediaViewer.setup(resultBody, media)

        // Add custom html from the pytest_html_results_table_html hook
        tableHtml?.forEach((item) => {
            resultBody.querySelector('td[class="extra"]').insertAdjacentHTML('beforeend', item)
        })

        return resultBody
    },
}

module.exports = {
    dom,
    htmlToElements,
    find,
    findAll,
}

},{"./mediaviewer.js":6}],3:[function(require,module,exports){
const { manager } = require('./datamanager.js')
const { doSort } = require('./sort.js')
const storageModule = require('./storage.js')

const getFilteredSubSet = (filter) =>
    manager.allData.tests.filter(({ result }) => filter.includes(result.toLowerCase()))

const doInitFilter = () => {
    const currentFilter = storageModule.getVisible()
    const filteredSubset = getFilteredSubSet(currentFilter)
    manager.setRender(filteredSubset)
}

const doFilter = (type, show) => {
    if (show) {
        storageModule.showCategory(type)
    } else {
        storageModule.hideCategory(type)
    }

    const currentFilter = storageModule.getVisible()
    const filteredSubset = getFilteredSubSet(currentFilter)
    manager.setRender(filteredSubset)

    const sortColumn = storageModule.getSort()
    doSort(sortColumn, true)
}

module.exports = {
    doFilter,
    doInitFilter,
}

},{"./datamanager.js":1,"./sort.js":7,"./storage.js":8}],4:[function(require,module,exports){
const { redraw, bindEvents, renderStatic } = require('./main.js')
const { doInitFilter } = require('./filter.js')
const { doInitSort } = require('./sort.js')
const { manager } = require('./datamanager.js')
const data = JSON.parse(document.getElementById('data-container').dataset.jsonblob)

function init() {
    manager.setManager(data)
    doInitFilter()
    doInitSort()
    renderStatic()
    redraw()
    bindEvents()
}

init()

},{"./datamanager.js":1,"./filter.js":3,"./main.js":5,"./sort.js":7}],5:[function(require,module,exports){
const { dom, find, findAll } = require('./dom.js')
const { manager } = require('./datamanager.js')
const { doSort } = require('./sort.js')
const { doFilter } = require('./filter.js')
const {
    getVisible,
    getCollapsedIds,
    setCollapsedIds,
    getSort,
    getSortDirection,
    possibleFilters,
} = require('./storage.js')

const removeChildren = (node) => {
    while (node.firstChild) {
        node.removeChild(node.firstChild)
    }
}

const renderStatic = () => {
    const renderEnvironmentTable = () => {
        const environment = manager.environment
        const rows = Object.keys(environment).map((key) => dom.getStaticRow(key, environment[key]))
        const table = document.getElementById('environment')
        removeChildren(table)
        rows.forEach((row) => table.appendChild(row))
    }
    renderEnvironmentTable()
}

const addItemToggleListener = (elem) => {
    elem.addEventListener('click', ({ target }) => {
        const id = target.parentElement.dataset.id
        manager.toggleCollapsedItem(id)

        const collapsedIds = getCollapsedIds()
        if (collapsedIds.includes(id)) {
            const updated = collapsedIds.filter((item) => item !== id)
            setCollapsedIds(updated)
        } else {
            collapsedIds.push(id)
            setCollapsedIds(collapsedIds)
        }
        redraw()
    })
}

const renderContent = (tests) => {
    const sortAttr = getSort(manager.initialSort)
    const sortAsc = JSON.parse(getSortDirection())
    const rows = tests.map(dom.getResultTBody)
    const table = document.getElementById('results-table')
    const tableHeader = document.getElementById('results-table-head')

    const newTable = document.createElement('table')
    newTable.id = 'results-table'

    // remove all sorting classes and set the relevant
    findAll('.sortable', tableHeader).forEach((elem) => elem.classList.remove('asc', 'desc'))
    tableHeader.querySelector(`.sortable[data-column-type="${sortAttr}"]`)?.classList.add(sortAsc ? 'desc' : 'asc')
    newTable.appendChild(tableHeader)

    if (!rows.length) {
        const emptyTable = document.getElementById('template_results-table__body--empty').content.cloneNode(true)
        newTable.appendChild(emptyTable)
    } else {
        rows.forEach((row) => {
            if (!!row) {
                findAll('.collapsible td:not(.col-links', row).forEach(addItemToggleListener)
                find('.logexpander', row).addEventListener('click',
                    (evt) => evt.target.parentNode.classList.toggle('expanded'),
                )
                newTable.appendChild(row)
            }
        })
    }

    table.replaceWith(newTable)
}

const renderDerived = () => {
    const currentFilter = getVisible()
    possibleFilters.forEach((result) => {
        const input = document.querySelector(`input[data-test-result="${result}"]`)
        input.checked = currentFilter.includes(result)
    })
}

const bindEvents = () => {
    const filterColumn = (evt) => {
        const { target: element } = evt
        const { testResult } = element.dataset

        doFilter(testResult, element.checked)
        const collapsedIds = getCollapsedIds()
        const updated = manager.renderData.tests.map((test) => {
            return {
                ...test,
                collapsed: collapsedIds.includes(test.id),
            }
        })
        manager.setRender(updated)
        redraw()
    }

    const header = document.getElementById('environment-header')
    header.addEventListener('click', () => {
        const table = document.getElementById('environment')
        table.classList.toggle('hidden')
        header.classList.toggle('collapsed')
    })

    findAll('input[name="filter_checkbox"]').forEach((elem) => {
        elem.addEventListener('click', filterColumn)
    })

    findAll('.sortable').forEach((elem) => {
        elem.addEventListener('click', (evt) => {
            const { target: element } = evt
            const { columnType } = element.dataset
            doSort(columnType)
            redraw()
        })
    })

    document.getElementById('show_all_details').addEventListener('click', () => {
        manager.allCollapsed = false
        setCollapsedIds([])
        redraw()
    })
    document.getElementById('hide_all_details').addEventListener('click', () => {
        manager.allCollapsed = true
        const allIds = manager.renderData.tests.map((test) => test.id)
        setCollapsedIds(allIds)
        redraw()
    })
}

const redraw = () => {
    const { testSubset } = manager

    renderContent(testSubset)
    renderDerived()
}

module.exports = {
    redraw,
    bindEvents,
    renderStatic,
}

},{"./datamanager.js":1,"./dom.js":2,"./filter.js":3,"./sort.js":7,"./storage.js":8}],6:[function(require,module,exports){
class MediaViewer {
    constructor(assets) {
        this.assets = assets
        this.index = 0
    }

    nextActive() {
        this.index = this.index === this.assets.length - 1 ? 0 : this.index + 1
        return [this.activeFile, this.index]
    }

    prevActive() {
        this.index = this.index === 0 ? this.assets.length - 1 : this.index -1
        return [this.activeFile, this.index]
    }

    get currentIndex() {
        return this.index
    }

    get activeFile() {
        return this.assets[this.index]
    }
}


const setup = (resultBody, assets) => {
    if (!assets.length) {
        resultBody.querySelector('.media').classList.add('hidden')
        return
    }

    const mediaViewer = new MediaViewer(assets)
    const container = resultBody.querySelector('.media-container')
    const leftArrow = resultBody.querySelector('.media-container__nav--left')
    const rightArrow = resultBody.querySelector('.media-container__nav--right')
    const mediaName = resultBody.querySelector('.media__name')
    const counter = resultBody.querySelector('.media__counter')
    const imageEl = resultBody.querySelector('img')
    const sourceEl = resultBody.querySelector('source')
    const videoEl = resultBody.querySelector('video')

    const setImg = (media, index) => {
        if (media?.format_type === 'image') {
            imageEl.src = media.path

            imageEl.classList.remove('hidden')
            videoEl.classList.add('hidden')
        } else if (media?.format_type === 'video') {
            sourceEl.src = media.path

            videoEl.classList.remove('hidden')
            imageEl.classList.add('hidden')
        }

        mediaName.innerText = media?.name
        counter.innerText = `${index + 1} / ${assets.length}`
    }
    setImg(mediaViewer.activeFile, mediaViewer.currentIndex)

    const moveLeft = () => {
        const [media, index] = mediaViewer.prevActive()
        setImg(media, index)
    }
    const doRight = () => {
        const [media, index] = mediaViewer.nextActive()
        setImg(media, index)
    }
    const openImg = () => {
        window.open(mediaViewer.activeFile.path, '_blank')
    }
    if (assets.length === 1) {
        container.classList.add('media-container--fullscreen')
    } else {
        leftArrow.addEventListener('click', moveLeft)
        rightArrow.addEventListener('click', doRight)
    }
    imageEl.addEventListener('click', openImg)
}

module.exports = {
    setup,
}

},{}],7:[function(require,module,exports){
const { manager } = require('./datamanager.js')
const storageModule = require('./storage.js')

const genericSort = (list, key, ascending, customOrder) => {
    let sorted
    if (customOrder) {
        sorted = list.sort((a, b) => {
            const aValue = a.result.toLowerCase()
            const bValue = b.result.toLowerCase()

            const aIndex = customOrder.findIndex((item) => item.toLowerCase() === aValue)
            const bIndex = customOrder.findIndex((item) => item.toLowerCase() === bValue)

            // Compare the indices to determine the sort order
            return aIndex - bIndex
        })
    } else {
        sorted = list.sort((a, b) => a[key] === b[key] ? 0 : a[key] > b[key] ? 1 : -1)
    }

    if (ascending) {
        sorted.reverse()
    }
    return sorted
}

const durationSort = (list, ascending) => {
    const parseDuration = (duration) => {
        if (duration.includes(':')) {
            // If it's in the format "HH:mm:ss"
            const [hours, minutes, seconds] = duration.split(':').map(Number)
            return (hours * 3600 + minutes * 60 + seconds) * 1000
        } else {
            // If it's in the format "nnn ms"
            return parseInt(duration)
        }
    }
    const sorted = list.sort((a, b) => parseDuration(a['duration']) - parseDuration(b['duration']))
    if (ascending) {
        sorted.reverse()
    }
    return sorted
}

const doInitSort = () => {
    const type = storageModule.getSort(manager.initialSort)
    const ascending = storageModule.getSortDirection()
    const list = manager.testSubset
    const initialOrder = ['Error', 'Failed', 'Rerun', 'XFailed', 'XPassed', 'Skipped', 'Passed']

    storageModule.setSort(type)
    storageModule.setSortDirection(ascending)

    if (type?.toLowerCase() === 'original') {
        manager.setRender(list)
    } else {
        let sortedList
        switch (type) {
        case 'duration':
            sortedList = durationSort(list, ascending)
            break
        case 'result':
            sortedList = genericSort(list, type, ascending, initialOrder)
            break
        default:
            sortedList = genericSort(list, type, ascending)
            break
        }
        manager.setRender(sortedList)
    }
}

const doSort = (type, skipDirection) => {
    const newSortType = storageModule.getSort(manager.initialSort) !== type
    const currentAsc = storageModule.getSortDirection()
    let ascending
    if (skipDirection) {
        ascending = currentAsc
    } else {
        ascending = newSortType ? false : !currentAsc
    }
    storageModule.setSort(type)
    storageModule.setSortDirection(ascending)

    const list = manager.testSubset
    const sortedList = type === 'duration' ? durationSort(list, ascending) : genericSort(list, type, ascending)
    manager.setRender(sortedList)
}

module.exports = {
    doInitSort,
    doSort,
}

},{"./datamanager.js":1,"./storage.js":8}],8:[function(require,module,exports){
const possibleFilters = [
    'passed',
    'skipped',
    'failed',
    'error',
    'xfailed',
    'xpassed',
    'rerun',
]

const getVisible = () => {
    const url = new URL(window.location.href)
    const settings = new URLSearchParams(url.search).get('visible')
    const lower = (item) => {
        const lowerItem = item.toLowerCase()
        if (possibleFilters.includes(lowerItem)) {
            return lowerItem
        }
        return null
    }
    return settings === null ?
        possibleFilters :
        [...new Set(settings?.split(',').map(lower).filter((item) => item))]
}

const hideCategory = (categoryToHide) => {
    const url = new URL(window.location.href)
    const visibleParams = new URLSearchParams(url.search).get('visible')
    const currentVisible = visibleParams ? visibleParams.split(',') : [...possibleFilters]
    const settings = [...new Set(currentVisible)].filter((f) => f !== categoryToHide).join(',')

    url.searchParams.set('visible', settings)
    window.history.pushState({}, null, unescape(url.href))
}

const showCategory = (categoryToShow) => {
    if (typeof window === 'undefined') {
        return
    }
    const url = new URL(window.location.href)
    const currentVisible = new URLSearchParams(url.search).get('visible')?.split(',').filter(Boolean) ||
        [...possibleFilters]
    const settings = [...new Set([categoryToShow, ...currentVisible])]
    const noFilter = possibleFilters.length === settings.length || !settings.length

    noFilter ? url.searchParams.delete('visible') : url.searchParams.set('visible', settings.join(','))
    window.history.pushState({}, null, unescape(url.href))
}

const getSort = (initialSort) => {
    const url = new URL(window.location.href)
    let sort = new URLSearchParams(url.search).get('sort')
    if (!sort) {
        sort = initialSort || 'result'
    }
    return sort
}

const setSort = (type) => {
    const url = new URL(window.location.href)
    url.searchParams.set('sort', type)
    window.history.pushState({}, null, unescape(url.href))
}

const getCollapsedCategory = (renderCollapsed) => {
    let categories
    if (typeof window !== 'undefined') {
        const url = new URL(window.location.href)
        const collapsedItems = new URLSearchParams(url.search).get('collapsed')
        switch (true) {
        case !renderCollapsed && collapsedItems === null:
            categories = ['passed']
            break
        case collapsedItems?.length === 0 || /^["']{2}$/.test(collapsedItems):
            categories = []
            break
        case /^all$/.test(collapsedItems) || collapsedItems === null && /^all$/.test(renderCollapsed):
            categories = [...possibleFilters]
            break
        default:
            categories = collapsedItems?.split(',').map((item) => item.toLowerCase()) || renderCollapsed
            break
        }
    } else {
        categories = []
    }
    return categories
}

const getSortDirection = () => JSON.parse(sessionStorage.getItem('sortAsc')) || false
const setSortDirection = (ascending) => sessionStorage.setItem('sortAsc', ascending)

const getCollapsedIds = () => JSON.parse(sessionStorage.getItem('collapsedIds')) || []
const setCollapsedIds = (list) => sessionStorage.setItem('collapsedIds', JSON.stringify(list))

module.exports = {
    getVisible,
    hideCategory,
    showCategory,
    getCollapsedIds,
    setCollapsedIds,
    getSort,
    setSort,
    getSortDirection,
    setSortDirection,
    getCollapsedCategory,
    possibleFilters,
}

},{}]},{},[4]);
    </script>
  </footer>
</html>